npts =  12104548
initial stats:  234486 3233 11585796 0.01983 0.00027 0.97989
quality =  50.0  fraction =  40.0
(234486, 3233, 11585796, 0.019832173427276067, 0.00027343814424052407, 0.9798943884284834)
len of tbfilters:  30133
best: dr810 hot [8, 10] 0.04791806046187791 0.00036 0.00000 0.99964  1879217
stats:  233814 3233 9707251 0.02351 0.00033 0.97616


(233814, 3233, 9707251, 0.023512368595550937, 0.00032511093291854286, 0.9761625204715305)
len of tbfilters:  29659
best: dr48 cold [4, 8] -0.3552780318633917 0.00014 0.00000 0.99986  151832
stats:  233792 3233 9555441 0.02387 0.00033 0.97580


quality =  25.0  fraction =  40.0
(233792, 3233, 9555441, 0.023874680800525627, 0.0003301517717804688, 0.9757951674276939)
len of tbfilters:  29406
best: drsq910 hot [9, 10] 0.40740915020918 0.00051 0.00000 0.99949  101174
stats:  233740 3233 9454319 0.02412 0.00033 0.97555


quality =  12.5  fraction =  40.0
(233740, 3233, 9454319, 0.024118559217904074, 0.00033359845106307806, 0.9755478423310329)
len of tbfilters:  29363
best: drsq49 cold [4, 9] -0.733776984233772 0.00188 0.00000 0.99812  98968
stats:  233554 3233 9355537 0.02435 0.00034 0.97531


quality =  6.25  fraction =  40.0
(233554, 3233, 9355537, 0.024348009929606215, 0.0003370403251599925, 0.9753149497452338)
len of tbfilters:  29347
best: dr810 hot [8, 10] 0.028063243114602537 0.00383 0.00001 0.99616  929912
stats:  229996 3222 8429194 0.02655 0.00037 0.97308


(229996, 3222, 8429194, 0.02655103451555987, 0.00037195183050633013, 0.9730770136539338)
len of tbfilters:  29220
best: dr48 cold [4, 8] -0.3355047939374679 0.00381 0.00000 0.99619  169888
stats:  229348 3222 8259954 0.02701 0.00038 0.97261


quality =  3.125  fraction =  40.0
(229348, 3222, 8259954, 0.02700587010410568, 0.0003793925104009126, 0.9726147373854934)
len of tbfilters:  29174
best: dr01 cold [0, 1] -0.3372561561749095 0.00851 0.00000 0.99149  1284494
stats:  218413 3222 6986395 0.03030 0.00045 0.96925


(218413, 3222, 6986395, 0.03030134447276163, 0.000447001469194773, 0.9692516540580436)
len of tbfilters:  29030
best: drsq68 cold [6, 8] -0.3009076584740959 0.00911 0.00000 0.99089  323750
stats:  215463 3222 6665595 0.03130 0.00047 0.96823


(215463, 3222, 6665595, 0.03129782635221112, 0.0004680227997699106, 0.968234150848019)
len of tbfilters:  29003
best: dr810 hot [8, 10] 0.02239043815823813 0.00981 0.00026 0.98993  129355
stats:  214194 3188 6537543 0.03171 0.00047 0.96782


quality =  1.5625  fraction =  40.0
final stats:  214194 3188 6537543 0.03171 0.00047 0.96782
17918.69user 3350.95system 5:54:22elapsed 100%CPU (0avgtext+0avgdata 10274104maxresident)k
1310768inputs+2121768outputs (0major+803098967minor)pagefaults 0swaps
