IBM XL Fortran Enterprise Edition V10.1 for AIX (5724-M13)  Version 10.01.0000.0002 --- /gpfs/m/nco/ops/nwprod/sorc/ngm_gesprep.fd/vrtpsl.f 09/30/06 19:43:48
 
>>>>> OPTIONS SECTION <<<<<
***   Options In Effect   ***
  
         ==  On / Off Options  ==
         CR              DBG             ESCAPE          FULLPATH
         I4              NOLIBESSL       NOLIBPOSIX      OBJECT
         SOURCE          STDFRAMEWORK    STRICT          SWAPOMP
         THREADED        UNWIND          NOZEROSIZE
  
         ==  Options Of Integer Type ==
         FIXED(72)             MAXMEM(-1)            OPTIMIZE(2)
         SPILLSIZE(548)        STACKTEMP(0)
  
         ==  Options Of Character Type  ==
         64(LARGETYPE)         ALIAS(STD,INTPTR)     ALIGN(BINDC(POWER),STRUCT(NATURAL))
         ARCH(PWR3)            ATTR()                AUTODBL(NONE)
         DIRECTIVE(IBM*,IBMT)  ENUM()                FLAG(I,I)
         FLOAT(RNDSNGL,MAF,FOLD,RNGCHK)
         HALT(S)               IEEE(NEAR)            INTSIZE(4)
         LANGLVL(EXTENDED)     POSITION(APPENDOLD)   REALSIZE(4)
         NOSAVE()              TUNE(PWR3)            UNROLL(AUTO)
         XREF(FULL)            XLF77(NOLEADZERO,GEDIT77,NOBLANKPAD,OLDBOZ,INTARG,INTXOR,PERSISTENT,SOFTEOF)
         XLF90(NOSIGNEDZERO,NOAUTODEALLOC)
  
>>>>> SOURCE SECTION <<<<<
          1 |      SUBROUTINE vrtpsl(SI,SL,LVL)
          2 |C$$$  SUBPROGRAM DOCUMENTATION BLOCK
          3 |C                .      .    .                                       .
          4 |C SUBPROGRAM:    VRTPSL      COMPUTE LAYER SIGMA FROM INTERFACES
          5 |C   PRGMMR: DIMEGO           ORG: W/NMC22    DATE: 88-03-31
          6 |C
          7 |C ABSTRACT: COMPUTES THE SIGMA VALUES FOR LAYERS FROM THE
          8 |C   BRACKETTING SIGMA VALUES AT INTERFACES
          9 |C
         10 |C PROGRAM HISTORY LOG:
         11 |C   83-03-31  HOKE
         12 |C   88-06-30  DIMEGO      DOCBLOCK HALF /  FTN200
         13 |C
         14 |C USAGE:    CALL VRTPSL(SI,SL,LVL)
         15 |C   INPUT ARGUMENT LIST:
         16 |C     SI       - ARRAY OF INTERFACE SIGMA VALUES
         17 |C              - NORMALLY DECREASING FROM 1.0 TO 0.
         18 |C              - IF FIRST VALUE > 1 SI CONTAINS PRESSURES
         19 |C              - WHICH ARE TRANSFERRED DIRECTLY TO SL
         20 |C     LVL      - NUMBER OF LAYERS CONTAINED IN SI ARRAY
         21 |C
         22 |C   OUTPUT ARGUMENT LIST:
         23 |C     SL       - ARRAY OF LVL MID-POINT SIGMA VALUES
         24 |C
         25 |C REMARKS:  CANNOT USE V OPTION OF FTN200 COMPILER
         26 |C
         27 |C ATTRIBUTES:
         28 |C   LANGUAGE: standard FORTRAN
         29 |C   MACHINE:
         30 |C
         31 |C$$$
         32 |      IMPLICIT REAL (A-H,O-Z)
         33 |      DIMENSION PI( 99 ),PP( 99 ),PIB( 99 )
         34 |      DIMENSION PSIG( 99 ),SL( 99 ),SI( 99 )
         35 |C-------   FIRST WE TEST VALUE SI(1) FOR PRESSURES (MB)
         36 |      IF( SI(1).GT.1.00 ) GO TO 10
         37 |      LVLP1 = LVL + 1
         38 |      CP = 1005.0
         39 |      R = 287.05
         40 |      ROCP = R / CP
         41 |      CPOR = CP / R
         42 |      PSFC = 1013.25
         43 |      PP(LVLP1) = 0.
         44 |      DO 1 K = 1,LVL
         45 |      PP(K) = PSFC * SI(K)
         46 |    1 CONTINUE
         47 |      ONEKAP = 1.0 + ROCP
         48 |      DO 2 K = 1,LVLP1
         49 |      PI(K) = PP(K)**ONEKAP
         50 |    2 CONTINUE
         51 |      DO 3 K = 1,LVL
         52 |      PIB(K) = (PI(K) - PI(K+1))/(ONEKAP*(PP(K) - PP(K+1)))
         53 |    3 CONTINUE
         54 |      DO 4 K = 1,LVL
         55 |      PSIG(K) = PIB(K)**CPOR
         56 |    4 CONTINUE
         57 |      DO 5 K = 1,LVL
         58 |      SL(K) = PSIG(K)/PSFC
         59 |    5 CONTINUE
         60 |      RETURN
         61 |   10 CONTINUE
         62 |      DO 15 K = 1,LVL
         63 |      SL(K) = SI(K)
         64 |   15 CONTINUE
         65 |      RETURN
         66 |      END
 
>>>>> ATTRIBUTE AND CROSS REFERENCE SECTION <<<<<
 
 
 
IDENTIFIER NAME                  CROSS REFERENCE AND ATTRIBUTES
 
cp                               Automatic, Real(4), Offset: 0, Alignment: full word
                                 0-38.7@  0-40.18  0-41.14
 
cpor                             Automatic, Real(4), Offset: 0, Alignment: full word
                                 0-41.7@  0-55.25
 
k                                Automatic, Integer(4), Offset: 0, Alignment: full word
                                 0-44.12@  0-45.10  0-45.25  0-48.12@  0-49.10  0-49.18  0-51.12@  0-52.11  0-52.20  0-52.28
                                 0-52.46  0-52.54  0-54.12@  0-55.12  0-55.21  0-57.12@  0-58.10  0-58.20  0-62.13@  0-63.10
                                 0-63.18
 
lvl                              Reference argument, Integer(4), Offset: 0, Alignment: full word
                                 0-1.31  0-37.15  0-44.18  0-51.18  0-54.18  0-57.18  0-62.19
 
lvlp1                            Automatic, Integer(4), Offset: 0, Alignment: full word
                                 0-37.7@  0-43.10  0-48.18
 
onekap                           Automatic, Real(4), Offset: 0, Alignment: full word
                                 0-47.7@  0-49.22  0-52.35
 
pi                               Automatic, Real(4) (1:99), Offset: 0, Alignment: full word
                                 0-33.17$  0-49.7@  0-52.17  0-52.25
 
pib                              Automatic, Real(4) (1:99), Offset: 0, Alignment: full word
                                 0-33.35$  0-52.7@  0-55.17
 
pp                               Automatic, Real(4) (1:99), Offset: 0, Alignment: full word
                                 0-33.26$  0-43.7@  0-45.7@  0-49.15  0-52.43  0-52.51
 
psfc                             Automatic, Real(4), Offset: 0, Alignment: full word
                                 0-42.7@  0-45.15  0-58.23
 
psig                             Automatic, Real(4) (1:99), Offset: 0, Alignment: full word
                                 0-34.17$  0-55.7@  0-58.15
 
r                                Automatic, Real(4), Offset: 0, Alignment: full word
                                 0-39.7@  0-40.14  0-41.19
 
rocp                             Automatic, Real(4), Offset: 0, Alignment: full word
                                 0-40.7@  0-47.22
 
si                               Reference argument, Real(4) (1:99), Offset: 0, Alignment: full word
                                 0-34.37$  0-1.25  0-36.11  0-45.22  0-63.15
 
sl                               Reference argument, Real(4) (1:99), Offset: 0, Alignment: full word
                                 0-34.28$  0-1.28  0-58.7@  0-63.7@
 
vrtpsl                           Subroutine
                                 0-1.18$
 
** vrtpsl   === End of Compilation 1 ===
 
>>>>> FILE TABLE SECTION <<<<<
 
 
                                       FILE CREATION        FROM
FILE NO   FILENAME                    DATE       TIME       FILE    LINE
     0    vrtpsl.f                    12/17/02   09:24:05
 
 
>>>>> COMPILATION EPILOGUE SECTION <<<<<
 
 
FORTRAN Summary of Diagnosed Conditions
 
TOTAL   UNRECOVERABLE  SEVERE       ERROR     WARNING    INFORMATIONAL
               (U)       (S)         (E)        (W)          (I)
    0           0         0           0          0            0
 
 
    Source records read.......................................      66
1501-510  Compilation successful for file vrtpsl.f.
1501-543  Object file created.
