    0.00    0.00  130.837 1 Lake_.xpm
failed to open xpm output file
(null)
    0.00    0.00  130.837 1 (null)
failed to open xpm output file
(null)
    0.00    0.00  130.837 1 (null)
    0.00    0.00  130.837 1 Name_.xpm
  -59.40   53.70   64.106 1 Lake_Melville_.xpm
  -65.00   54.00    1.996 1 Smallwood_Reservoir_.xpm
  -65.10   44.20  132.527 0 Lake_Rossignol_.xpm
  -65.30   52.80    2.986 0 Lac_Joseph_.xpm
  -66.00   46.00   61.457 0 Grand_Lake_.xpm
  -68.30   51.30   18.463 0 Reservoir_Manic_.xpm
  -70.00   54.00    0.924 0 Reserv._Caniapiscau_.xpm
  -70.50   49.60   12.375 0 Reservoir_Pipmuacan_.xpm
  -70.50   66.50   70.469 1 Nettilling_Lake_.xpm
  -70.60   43.90   57.811 0 Sebago_Lake_.xpm
  -70.80   50.80    5.142 0 Lac_Manouane_.xpm
  -71.00   53.00    1.072 0 Lac_Naococane_.xpm
  -71.20   64.90  102.531 0 Amadjuak_Lake_.xpm
  -72.10   48.60    6.626 1 Lac_ST_Jean_.xpm
  -72.80   46.20    2.938 0 Lac_St-Pierre_.xpm
  -73.00   55.00    4.859 1 Lac_Bienville_.xpm
  -73.30   44.50    1.298 0 Lac_Champlain_.xpm
  -73.30   53.90    2.806 0 La_Grande_4_.xpm
  -73.60   51.00    0.151 0 Lac_Mistassini_.xpm
  -73.80   45.40    4.499 0 Lac_St-Louis_.xpm
  -74.70   48.60    0.710 0 Reservoir_Gouin_.xpm
  -75.50   53.80   22.928 0 La_Grande_3_.xpm
  -75.80   46.80    0.000 0 Reservoir_Baskatong_.xpm
  -77.10   50.90   23.197 0 Lac_Evans_.xpm
  -77.20   53.70   71.665 0 La_Grande_.xpm
  -77.70   49.90   10.559 0 Lac_Matagami_.xpm
  -79.30   44.40   50.720 1 Lake_Simcoe_.xpm
  -79.60   48.70    0.000 0 Lake_Abitibi2_.xpm
  -79.70   46.30   28.227 0 Lake_Nipissing_.xpm
  -80.00   48.90    0.000 0 Lake_Abitibi_.xpm
  -85.20   52.30    8.227 0 Missisa_Lake_.xpm
  -88.50   49.80   34.706 1 Lake_Nipigon_.xpm
  -90.00   53.80    3.915 0 Big_Trout_Lake_.xpm
  -90.80   52.80    0.918 0 North_Caribou_Lake_.xpm
  -92.10   53.80    1.227 0 Sachigo_Lake_.xpm
  -92.60   50.30    3.905 1 Lac_Seul_.xpm
  -93.00   48.60   18.580 0 Rainy_Lake_.xpm
  -93.30   54.80    4.719 0 Edmund_Lake_.xpm
  -93.30   51.20    8.387 0 Trout_Lake_.xpm
  -93.70   46.20    4.583 0 Mille_Lacs_Lake_.xpm
  -93.70   51.00   11.057 0 Red_and_Gullrock_.xpm
  -93.80   54.20    1.227 0 Red_Sucker_Lake_.xpm
  -94.20   47.40    5.897 0 Lake_Winnibigoshish_.xpm
  -94.30   54.70    3.874 1 Gods_Lake_.xpm
  -94.40   47.20    5.202 0 Leech_Lake_.xpm
  -94.50   53.80   11.453 0 Island_Lake_.xpm
  -94.70   49.30    7.995 1 Lake_of_the_Woods_.xpm
  -94.90   50.30   10.078 0 Umfreville_Lake_.xpm
  -95.00   48.00    4.375 0 Red_Lake_.xpm
  -95.30   50.10    9.776 0 Crowduck_Lakes_.xpm
  -95.40   64.20   18.271 1 Baker_Lake_.xpm
  -95.50   54.90   14.564 0 Oxford_Lake_.xpm
  -96.10   53.90   20.069 0 Stevenson_Lake_.xpm
  -96.60   52.80   30.457 0 Weaver_Lake_.xpm
  -96.70   54.50   19.187 0 Lawford_Lake_.xpm
  -96.80   54.20   22.650 0 Molson_Lake_.xpm
  -97.00   54.70   19.350 0 Walker_Lake_.xpm
  -97.70   52.60   29.833 1 Lake_Winnipeg_.xpm
  -97.80   54.70   21.465 0 Cross_Lake_.xpm
  -97.80   55.00   18.343 0 Sipiwesk_Lake_.xpm
  -97.90   62.70   18.273 1 Yuthkyed_Lake_.xpm
  -98.30   54.20   23.091 0 Kiskitlo_Lake_.xpm
  -98.50   50.50   18.353 1 Lake_Manitoba_.xpm
  -98.80   57.00    6.850 0 Southern_Indian_Lake_.xpm
  -99.80   51.30   29.376 0 Dauphin_Lake_.xpm
  -99.80   60.00    7.593 1 Nueltin_Lake_.xpm
  -99.90   52.70   25.438 1 Lake_Winnipegosis_.xpm
 -100.20   54.20   21.159 0 N._Moose-Talbot_Lake_.xpm
 -100.40   56.30    5.406 0 Granville_Lake_.xpm
 -100.80   52.50   25.438 0 Swan_Lake_.xpm
 -100.80   54.30   19.374 0 Cormorant_Lake_.xpm
 -101.10   54.10   20.424 0 Clearwater_Lake_.xpm
 -101.40   53.00   22.768 0 Red_Deer_Lake_.xpm
 -101.50   63.10    4.698 1 Dubawnt_Lake_.xpm
 -101.80   54.60   13.081 0 Athapapuskow_Lake_.xpm
 -102.10   60.30    4.562 1 Kasba_Lake_.xpm
 -102.30   54.10   16.213 0 Cumberland_Lake_.xpm
 -102.30   57.40    8.286 1 Reindeer_Lake_.xpm
 -102.90   54.90    8.466 0 Pelican_Lake_.xpm
 -103.30   58.20   10.249 1 Wollaston_Lake_.xpm
 -103.50   53.60    5.604 0 Saskatchewan_River_.xpm
 -103.60   54.70    6.186 0 Deschambault_Lake_.xpm
 -104.00   60.90    3.831 0 Wholdaia_Lake_.xpm
 -104.40   51.80    0.000 0 Big_Quill_Lake_.xpm
 -104.70   54.90    5.181 0 Wapawekka_Lake_.xpm
 -105.00   55.10    4.090 1 Lac_La_Ronge_.xpm
 -105.30   59.20   10.625 0 Black_Lake_.xpm
 -105.80   54.30    1.400 0 Montreal_Lake_.xpm
 -106.50   57.50   12.009 1 Cree_Lake_.xpm
 -106.60   55.40    2.194 0 Pinehouse_Lake_.xpm
 -106.90   54.70    1.716 0 Smoothstone_Lake_.xpm
 -107.30   55.10    2.194 0 Lac_La_Plonge_.xpm
 -107.30   54.80    2.194 0 Dore_Lake_.xpm
 -107.70   55.60    2.194 0 Lac_Ile-a-la-Crosse_.xpm
 -107.80   56.90    2.864 0 Black_Birch_Lake_.xpm
 -108.30   56.00    2.194 1 Churchill_Lake_.xpm
 -108.70   56.70    4.332 0 Wasekamio-Turnor_.xpm
 -108.90   56.00    2.194 1 Peter_Pond_Lake_.xpm
 -109.40   59.30    7.597 1 Lake_Athabasca_.xpm
 -109.70   61.70   20.634 0 Hjalmar_Lake_.xpm
 -109.70   54.90    0.782 0 Primrose_Lake_.xpm
 -110.10   54.50    0.782 0 Cold_Lake_.xpm
 -110.30   44.50    0.000 0 Yellowstone_Lake_.xpm
 -112.00   58.60    7.120 1 Lake_Claire_.xpm
 -113.00   66.50   31.839 0 Takiyuak_Lake_.xpm
 -114.10   47.90    0.000 0 Flathead_Lake_.xpm
 -114.70   61.40   20.388 1 Great_Slave_Lake_.xpm
 -115.40   55.50    0.000 0 Lesser_Slave_Lake_.xpm
 -115.40   55.90    0.000 0 Utikuma_Lake_.xpm
 -117.50   60.60   17.565 1 Tathlina_Lake_.xpm
 -117.70   60.90   19.065 0 Kakisa_Lake_.xpm
 -117.90   63.30   14.578 1 Lac_La_Martre_.xpm
 -118.80   60.90   13.584 0 Bistcho_Lake_.xpm
 -120.50   66.00   27.837 1 Great_Bear_Lake_.xpm
 -121.10   60.60    1.648 0 Trout_Lake,_NWT_.xpm
 -124.50   54.50    0.000 0 Stuart_Lake_.xpm
 -133.70   59.50   15.883 0 Atlin_Lake_.xpm
