IBM XL Fortran Enterprise Edition V10.1 for AIX (5724-M13)  Version 10.01.0000.0002 --- /gpfs/m/nco/ops/nwprod/sorc/ngm_nam2ngm.fd/CORNER.f 09/30/06 19:44:07
 
>>>>> OPTIONS SECTION <<<<<
***   Options In Effect   ***
  
         ==  On / Off Options  ==
         CR              DBG             DDIM            ESCAPE
         FULLPATH        I4              INLGLUE         NOLIBESSL
         NOLIBPOSIX      OBJECT          SOURCE          STDFRAMEWORK
         STRICT          SWAPOMP         THREADED        UNWIND
         NOZEROSIZE
  
         ==  Options Of Integer Type ==
         FIXED(72)             MAXMEM(-1)            OPTIMIZE(2)
         SPILLSIZE(548)        STACKTEMP(0)
  
         ==  Options Of Character Type  ==
         64(LARGETYPE)         ALIAS(STD,INTPTR)     ALIGN(BINDC(POWER),STRUCT(NATURAL))
         ARCH(PWR5X)           ATTR()                AUTODBL(NONE)
         DIRECTIVE(IBM*,IBMT)  ENUM()                FLAG(I,I)
         FLOAT(RNDSNGL,MAF,FOLD,RNGCHK)
         HALT(S)               IEEE(NEAR)            INTSIZE(4)
         LANGLVL(EXTENDED)     POSITION(APPENDOLD)   REALSIZE(4)
         NOSAVE()              TUNE(PWR5)            UNROLL(AUTO)
         XREF(FULL)            XLF77(NOLEADZERO,GEDIT77,NOBLANKPAD,OLDBOZ,INTARG,INTXOR,PERSISTENT,SOFTEOF)
         XLF90(NOSIGNEDZERO,NOAUTODEALLOC)
  
>>>>> SOURCE SECTION <<<<<
          1 |      SUBROUTINE CORNER(X,Y,Z,DLAMNGM,IRANGE,IPRINT,ALONG,ALAT)
          2 |C$$$  SUBPROGRAM DOCUMENTATION BLOCK
          3 |C                .      .    .                                       .
          4 |C SUBPROGRAM:    CORNER      COMPUTES LATITUDE AND LONGITUDE OF X,Y
          5 |C   PRGMMR: JIM HOKE         ORG: W/NMC22    DATE: 85-03-27
          6 |C
          7 |C ABSTRACT: PRINTS LANGITUDE AND LATITUDE OF POINT I,J WITH
          8 |C   WEST LONGITUDE PRINTED AS NEGATIVE
          9 |C
         10 |C PROGRAM HISTORY LOG:
         11 |C   85-03-27  JIM HOKE
         12 |C   88-08-01  BRIAN SCHMIDT ADDED THE DOCBLOCK
         13 |C
         14 |C USAGE:    CALL CORNER(X,Y,X,DLAMNGM,IRANGE,IPRINT,ALONG,ALAT)
         15 |C   INPUT ARGUMENT LIST:
         16 |C     X        - I - I(POLE)
         17 |C     Y        - J - J(POLE)
         18 |C     Z        - (DELTA OF GRID)/(2*EARTH RADIUS)
         19 |C     DLAMNGM  - ROTATION ANGLE
         20 |C     IRANGE   - SPECIFIES THE RANGE OF LONGITUDE
         21 |C                1;  LONGITUDE VARIES FROM 0 TO 360 DEGREES
         22 |C                ELSE;  LONGITUDE VARIES FROM -180 TO 180 DEGREES
         23 |C     IPRINT   - SPECIFIES CHOICE OF WRITE TO UNIT 6
         24 |C                <> 0;  WRITES LATITUDE AND LONGITUDE OF (X,Y)
         25 |C
         26 |C   OUTPUT ARGUMENT LIST:
         27 |C     ALONG    - LONGITUDE OF INPUT POINT
         28 |C     ALAT     - LATITUDE OF INPUT POINT
         29 |C
         30 |C   OUTPUT FILES:
         31 |C     FT06F001 - PRINTS LATITUDE AND LONGITUDE OF (X,Y) IF
         32 |C                IPRINT <> 1.
         33 |C
         34 |C ATTRIBUTES:
         35 |C   LANGUAGE: CYBER FORTRAN 200
         36 |C   MACHINE:  CYBER 205.
         37 |C
         38 |C$$$
         39 |C
         40 |      IMPLICIT REAL (A-H, O-Z)
         41 |C
         42 |C
         43 |      PI=3.141592654E0
         44 |      IF(X) 5,1,9
         45 |C     X=0
         46 |    1 IF(Y) 3,2,4
         47 |C     X=0 AND Y=0
         48 |    2 ALONG=0.E0
         49 |      ALAT=90.E0
         50 |      GO TO 16
         51 |C     X=0,BUT Y NEGATIVE
         52 |    3 ALONG=-.5E+0*PI
         53 |      GO TO 13
         54 |C     X=0, BUT Y POSITIVE
         55 |    4 ALONG=.5E+0*PI
         56 |      GO TO 13
         57 |C     X IS NEGATIVE
         58 |    5 IF(Y) 6,7,8
         59 |C     THIRD QUADRANT
         60 |    6 ALONG=ATAN(Y/X)-PI
         61 |      GO TO 13
         62 |C     NEGATIVE X-AXIS
         63 |    7 ALONG=PI
         64 |      GO TO 13
         65 |C     SECOND QUADRANT
         66 |    8 ALONG=ATAN(Y/X) +PI
         67 |      GO TO 13
         68 |C     X POSITIVE
         69 |    9 IF(Y) 10,11,12
         70 |C     FOURTH QUADRANT
         71 |   10 ALONG=ATAN(Y/X)
         72 |      GO TO 13
         73 |C     POSITIVE X-AXIS
         74 |   11 ALONG=0.E0
         75 |      GO TO 13
         76 |C     FIRST QUADRANT
         77 |   12 ALONG=ATAN(Y/X)
         78 |C
         79 |C     LONGITUDE NOW IN PLACE, CONVERT TO DEGREES AND ADD
         80 |C     THE ROTATION ANGLE (DLAMNGM).
         81 |   13 ALONG=(180.E+0/PI)*ALONG + DLAMNGM
         82 |C
         83 |C     ENSURE THAT THE LONGITUDE IS WITHIN THE SPECIFIED RANGE.
         84 |      IF(IRANGE.NE.1) GO TO 50
         85 |C
         86 |C     THE LONGITUDE WILL RANGE FROM 0 AT THE GREENWICH MERIDIAN
         87 |C     EASTWARD TO 360 DEGREES FOLLOWING THIS SECTION.
         88 |C**********IS MOD FUNCTION CORRECT.
         89 |      ALONG = MOD(ALONG, 360.E+0)
         90 |      IF (ALONG .LT. 0.0E0) ALONG = ALONG + 360.E0
         91 |      GO TO 60
         92 |C
         93 |   50 CONTINUE
         94 |C     LONGITUDE RANGE FROM -180. TO +180.
         95 |      IF(ALONG .GT. +180.E0) ALONG = ALONG - 360.E0
         96 |      IF(ALONG .LT. -180.E0) ALONG = ALONG + 360.E0
         97 |   60 CONTINUE
         98 |C
         99 |C     COMPUTE LATITUDE
        100 |      RHO=Z*Z*(X*X +Y*Y)
        101 |C
        102 |      ALAT=ASIN( (1.E0-RHO)/(1.E0 + RHO) )*(180.E0/PI)
        103 |C
        104 |   16 IF(IPRINT.NE.0) THEN
        105 |         PRINT 15,ALONG,ALAT
        106 |   15    FORMAT ('0', '     LONGITUDE AND LATITUDE ARE',2F20.6)
        107 |      END IF
        108 |C
        109 |      RETURN
        110 |C
        111 |      END
 
>>>>> ATTRIBUTE AND CROSS REFERENCE SECTION <<<<<
 
 
 
IDENTIFIER NAME                  CROSS REFERENCE AND ATTRIBUTES
 
alat                             Reference argument, Real(4), Offset: 0, Alignment: full word
                                 0-1.59  0-49.7@  0-102.7@  0-105.25
 
along                            Reference argument, Real(4), Offset: 0, Alignment: full word
                                 0-1.53  0-48.7@  0-52.7@  0-55.7@  0-60.7@  0-63.7@  0-66.7@  0-71.7@  0-74.7@  0-77.7@  0-81.7@
                                 0-81.26  0-89.7@  0-89.19  0-90.11  0-90.29@  0-90.37  0-95.10  0-95.30@  0-95.38  0-96.10
                                 0-96.30@  0-96.38  0-105.19
 
asin                             Pure Intrinsic
                                 0-102.12
 
atan                             Pure Intrinsic
                                 0-60.13  0-66.13  0-71.13  0-77.13
 
corner                           Subroutine
                                 0-1.18$
 
dlamngm                          Reference argument, Real(4), Offset: 0, Alignment: full word
                                 0-1.31  0-81.34
 
iprint                           Reference argument, Integer(4), Offset: 0, Alignment: full word
                                 0-1.46  0-104.10
 
irange                           Reference argument, Integer(4), Offset: 0, Alignment: full word
                                 0-1.39  0-84.10
 
mod                              Pure Intrinsic
                                 0-89.15
 
pi                               Automatic, Real(4), Offset: 0, Alignment: full word
                                 0-43.7@  0-52.20  0-55.19  0-60.23  0-63.13  0-66.24  0-81.22  0-102.52
 
rho                              Automatic, Real(4), Offset: 0, Alignment: full word
                                 0-100.7@  0-102.24  0-102.37
 
x                                Reference argument, Real(4), Offset: 0, Alignment: full word
                                 0-1.25  0-44.10  0-60.20  0-66.20  0-71.20  0-77.20  0-100.16  0-100.18
 
y                                Reference argument, Real(4), Offset: 0, Alignment: full word
                                 0-1.27  0-46.10  0-58.10  0-60.18  0-66.18  0-69.10  0-71.18  0-77.18  0-100.21  0-100.23
 
z                                Reference argument, Real(4), Offset: 0, Alignment: full word
                                 0-1.29  0-100.11  0-100.13
 
** corner   === End of Compilation 1 ===
 
>>>>> FILE TABLE SECTION <<<<<
 
 
                                       FILE CREATION        FROM
FILE NO   FILENAME                    DATE       TIME       FILE    LINE
     0    CORNER.f                    10/09/02   12:46:05
 
 
>>>>> COMPILATION EPILOGUE SECTION <<<<<
 
 
FORTRAN Summary of Diagnosed Conditions
 
TOTAL   UNRECOVERABLE  SEVERE       ERROR     WARNING    INFORMATIONAL
               (U)       (S)         (E)        (W)          (I)
    0           0         0           0          0            0
 
 
    Source records read.......................................     111
1501-510  Compilation successful for file CORNER.f.
1501-543  Object file created.
