IBM XL Fortran Enterprise Edition V10.1 for AIX (5724-M13)  Version 10.01.0000.0002 --- /gpfs/m/nco/ops/nwprod/sorc/ngm_rgcinp.fd/CULL.f 09/30/06 19:45:31
 
>>>>> OPTIONS SECTION <<<<<
***   Options In Effect   ***
  
         ==  On / Off Options  ==
         CR              DBG             DDIM            ESCAPE
         FULLPATH        I4              NOLIBESSL       NOLIBPOSIX
         OBJECT          SOURCE          STDFRAMEWORK    STRICT
         SWAPOMP         THREADED        UNWIND          NOZEROSIZE
  
         ==  Options Of Integer Type ==
         FIXED(72)             MAXMEM(-1)            OPTIMIZE(2)
         SPILLSIZE(548)        STACKTEMP(0)
  
         ==  Options Of Character Type  ==
         64(LARGETYPE)         ALIAS(STD,INTPTR)     ALIGN(BINDC(POWER),STRUCT(NATURAL))
         ARCH(PWR3)            ATTR()                AUTODBL(NONE)
         DIRECTIVE(IBM*,IBMT)  ENUM()                FLAG(I,I)
         FLOAT(RNDSNGL,MAF,FOLD,RNGCHK)
         FLTTRAP(OVERFLOW,ZERODIVIDE,INVALID,ENABLE)
         HALT(S)               IEEE(NEAR)            INITAUTO(FF      )
         INTSIZE(4)            LANGLVL(EXTENDED)     POSITION(APPENDOLD)
         REALSIZE(4)           SAVE(ALL)             SIGTRAP()
         TUNE(PWR3)            UNROLL(AUTO)          XREF(FULL)
         XLF77(NOLEADZERO,GEDIT77,NOBLANKPAD,OLDBOZ,INTARG,INTXOR,PERSISTENT,SOFTEOF)
         XLF90(NOSIGNEDZERO,NOAUTODEALLOC)
  
>>>>> SOURCE SECTION <<<<<
          1 |      SUBROUTINE CULL (IF, FIELD, IMAX, JMAX, KMAX)
          2 |C$$$  SUBPROGRAM DOCUMENTATION BLOCK
          3 |C                .      .    .                                       .
          4 |C SUBPROGRAM:    CULL        CREATES 3-D FIELD FROM LOLA STRIP ARRAY
          5 |C   PRGMMR: JIM HOKE         ORG: W/NMC22    DATE: 85-03-27
          6 |C
          7 |C ABSTRACT: CREATES A 3-DIMENSIONAL FIELD FOR THE SPECIFIED
          8 |C   VARIABLE FROM THE SIGMA LATITUDE-LONGITUDE STRIPS.
          9 |C
         10 |C PROGRAM HISTORY LOG:
         11 |C   85-03-27  JIM HOKE
         12 |C   88-08-01  BRIAN SCHMIDT ADDED THE DOCBLOCK
         13 |C
         14 |C USAGE:    CALL CULL(IF, FIELD, IMAX, JMAX, KMAX)
         15 |C   INPUT ARGUMENT LIST:
         16 |C     IF       - FIRST INDICE OF THE LATITUDE-LONGITUDE STRIP
         17 |C                ARRAY WHICH WILL BE PUT IN OUTPUT ARRAY 'FIELD'
         18 |C     IMAX     - SIZE OF FIRST DIMENSION OF ARRAY 'FIELD'
         19 |C     JMAX     - SIZE OF SECOND DIMENSION OF ARRAY 'FIELD'
         20 |C     KMAX     - SIZE OF THIRD DIMENSION OF ARRAY 'FIELD'
         21 |C
         22 |C   OUTPUT ARGUMENT LIST:
         23 |C     FIELD    - 3-DIMENSIONAL ARRAY OF SPECIFIED VARIABLE
         24 |C
         25 |C   SUBPROGRAMS CALLED:
         26 |C     LIBRARY:
         27 |C       COMMON   - CONSTS
         28 |C
         29 |C REMARKS: NEED TO KNOW HOW LAT-LONG STRIP ARRAY IS ORGANIZED
         30 |C          COMMON CONSTS CONTAINS THE LAT-LONG STRIP ARRAY
         31 |C
         32 |C ATTRIBUTES:
         33 |C   LANGUAGE: CYBER FORTRAN 77
         34 |C   MACHINE:  CYBER 205
         35 |C
         36 |C$$$
         37 |C
         38 |      IMPLICIT REAL (A-H, O-Z)
         39 |C
         40 |C
         41 |      INCLUDE 'parmodel'
  1       1 |C     PARAMETER FILE
  1       2 |C
  1       3 |C     SETUP FOR IBM SINGLE PRECISION REPRESENTATION
  1       4 |C     ON OUTPUT
  1       5 |C                      THIS VERSION 1 May 1991 (DiMego)
  1       6 |C
  1       7 |      PARAMETER (
  1       8 |     *      IBPW      =      4,
  1       9 |     *      IBPOR     = 120000,
  1      10 |     *      INUMREC   = IBPOR / IBPW,
  1      11 |     *      INSPECS   =    700,
  1      12 |     *      ILATG2    =    120,
  1      13 |     *      ILEVH     =     12,
  1      14 |     *      ILEVS     =     16,
  1      15 |     *      ILONF     =    360,
  1      16 |     *      INLATSH   =      5,
  1      17 |     *      IIJMAX    =  23668,
  1      18 |     *      IIJMAXB   =  25536,
  1      19 |     *      IIJRAD    =    892,
  1      20 |     *      IJCAP     =     80,
  1      21 |     *      IWPCPL    =     80,
  1      22 |     *      IKM       =     16 )
  1      23 |      PARAMETER (
  1      24 |     *      ILBCH     =   7*(147+111-7),
  1      25 |     *      ILBHI     =    (147+111-26),
  1      26 |     *      ILBUI     =    (2*147+111-39),
  1      27 |     *      ILBUO     =   (8*147+7*111-56),
  1      28 |     *      ILBVI     =    (147+2*111-39),
  1      29 |     *      ILBVO     =   (7*147+8*111-56),
  1      30 |     *      ILMOUT    =     20 )
  1      31 |      PARAMETER (
  1      32 |     *      IMAXOUTF  =     17,
  1      33 |     *      IMAXOUTT  =      5,
  1      34 |     *      IMAXOUTV  =    100,
  1      35 |     *      IMAXPROF  =      6,
  1      36 |     *      INFILLER  =2500000,
  1      37 |     *      INH       =     65,
  1      38 |     *      INGRDUSE  =      2,
  1      39 |     *      INGRDUS1  =      1,
  1      40 |     *      INIADDRS  =     44,
  1      41 |     *      INSCR     =     23,
  1      42 |     *      INSCRGEO  =     12,
  1      43 |     *      INSCR3    =     10,
  1      44 |     *      INSOIL    =      2,
  1      45 |     *      INSUMG    =  42164,
  1      46 |     *      INSIGSTP  = ILONF * (3 * ILEVS + ILEVH + 2),
  1      47 |     *      INLAT     = ILATG2 + INLATSH + 1,
  1      48 |     *      INSHEM    = 13 * INH + 23,
  1      49 |     *      IIJKMAX   = IKM * IIJMAX )
  1      50 |      PARAMETER (
  1      51 |     *  IIWORDSB  = IIJMAXB / 64,
  1      52 |     *  IKMP1     = IKM + 1,
  1      53 |     *  ILVLTOT   = 7 * IKM + 37,
  1      54 |     *  ILONFP1   = ILONF + 1,
  1      55 |     *  INVBL     = ILVLTOT * INSUMG,
  1      56 |     *  IMAXSCR   = IIJMAX*(INSCR+INSCRGEO) + IIJKMAX*INSCR3+INFILLER,
  1      57 |     *  IRADWRK   = IWPCPL * IIJRAD * IKM,
  1      58 |     *  IBLK1D    =  2 * IKM + 14,
  1      59 |     *  IBLK2D    = 16 * IKM + 36,
  1      60 |     *  IBLK1WRK  = IIJMAX * IBLK1D,
  1      61 |     *  IBLK2WRK  = IIJRAD * IBLK2D )
  1      62 |C
         42 |C
         43 |C
         44 |      COMMON /CONSTS/ IH, IQ, IT, IU, IV, IZ,
         45 |     1                NLAT, LEVH, LEVS, LONF, NSIGSTP,
         46 |     2                SLAT( INLAT ), STRIPARA( INSIGSTP ,  INLAT )
         47 |C
         48 |C       *****   END OF INCLUDED COMMON BLK CONSTS   *****
         49 |C
         50 |C
         51 |      DIMENSION FIELD(IMAX, JMAX, KMAX)
         52 |C
         53 |      LBLOCK =  0
         54 |      IMAXM1 = IMAX - 1
         55 |C
         56 |      DO 300 J=1,JMAX
         57 |         LBLOCK = LBLOCK + 1
         58 |         LOC = IF - 1
         59 |C
         60 |         DO 200 K=1,KMAX
         61 |C
         62 |            DO 100 I=1,IMAXM1
         63 |               LOC = LOC + 1
         64 |               FIELD(I, J, K) = STRIPARA(LOC, LBLOCK)
         65 |  100       CONTINUE
         66 |C
         67 |            FIELD(IMAX, J, K) = FIELD(1, J, K)
         68 |C
         69 |  200    CONTINUE
         70 |C
         71 |  300 CONTINUE
         72 |C
         73 |      RETURN
         74 |C
         75 |      END
 
>>>>> ATTRIBUTE AND CROSS REFERENCE SECTION <<<<<
 
 
 
IDENTIFIER NAME                  CROSS REFERENCE AND ATTRIBUTES
 
consts                           Common Block, Alignment: double word
                                 0-44.15$
 
cull                             Subroutine
                                 0-1.18$
 
field                            Reference argument, Real(4) (1:?, 1:?, 1:?), Offset: 0, Alignment: full word
                                 0-51.17$  0-1.28  0-64.16@  0-67.13@  0-67.33
 
i                                Static, Integer(4), Offset: 0, Alignment: full word
                                 0-62.20@  0-64.22
 
iblk1d                           Parameter, Integer(4)
                                 1-58.9$  1-60.30
 
iblk1wrk                         Parameter, Integer(4)
                                 1-60.9$
 
iblk2d                           Parameter, Integer(4)
                                 1-59.9$  1-61.30
 
iblk2wrk                         Parameter, Integer(4)
                                 1-61.9$
 
ibpor                            Parameter, Integer(4)
                                 1-9.13$  1-10.25
 
ibpw                             Parameter, Integer(4)
                                 1-8.13$  1-10.33
 
if                               Reference argument, Integer(4), Offset: 0, Alignment: full word
                                 0-1.24  0-58.16
 
ih                               Common member, Integer(4), Offset: 0, Alignment: quadruple word
                                 0-44.23$
 
iijkmax                          Parameter, Integer(4)
                                 1-49.13$  1-56.47
 
iijmax                           Parameter, Integer(4)
                                 1-17.13$  1-49.31  1-56.21  1-60.21
 
iijmaxb                          Parameter, Integer(4)
                                 1-18.13$  1-51.21
 
iijrad                           Parameter, Integer(4)
                                 1-19.13$  1-57.30  1-61.21
 
iiwordsb                         Parameter, Integer(4)
                                 1-51.9$
 
ijcap                            Parameter, Integer(4)
                                 1-20.13$
 
ikm                              Parameter, Integer(4)
                                 1-22.13$  1-49.25  1-52.21  1-53.25  1-57.39  1-58.26  1-59.26
 
ikmp1                            Parameter, Integer(4)
                                 1-52.9$
 
ilatg2                           Parameter, Integer(4)
                                 1-12.13$  1-47.25
 
ilbch                            Parameter, Integer(4)
                                 1-24.13$
 
ilbhi                            Parameter, Integer(4)
                                 1-25.13$
 
ilbui                            Parameter, Integer(4)
                                 1-26.13$
 
ilbuo                            Parameter, Integer(4)
                                 1-27.13$
 
ilbvi                            Parameter, Integer(4)
                                 1-28.13$
 
ilbvo                            Parameter, Integer(4)
                                 1-29.13$
 
ilevh                            Parameter, Integer(4)
                                 1-13.13$  1-46.46
 
ilevs                            Parameter, Integer(4)
                                 1-14.13$  1-46.38
 
ilmout                           Parameter, Integer(4)
                                 1-30.13$
 
ilonf                            Parameter, Integer(4)
                                 1-15.13$  1-46.25  1-54.21
 
ilonfp1                          Parameter, Integer(4)
                                 1-54.9$
 
ilvltot                          Parameter, Integer(4)
                                 1-53.9$  1-55.21
 
imax                             Reference argument, Integer(4), Offset: 0, Alignment: full word
                                 0-1.35  0-51.23  0-51.23  0-54.16  0-67.19
 
imaxm1                           Static, Integer(4), Offset: 0, Alignment: full word
                                 0-54.7@  0-62.24
 
imaxoutf                         Parameter, Integer(4)
                                 1-32.13$
 
imaxoutt                         Parameter, Integer(4)
                                 1-33.13$
 
imaxoutv                         Parameter, Integer(4)
                                 1-34.13$
 
imaxprof                         Parameter, Integer(4)
                                 1-35.13$
 
imaxscr                          Parameter, Integer(4)
                                 1-56.9$
 
infiller                         Parameter, Integer(4)
                                 1-36.13$  1-56.62
 
ingrdus1                         Parameter, Integer(4)
                                 1-39.13$
 
ingrduse                         Parameter, Integer(4)
                                 1-38.13$
 
inh                              Parameter, Integer(4)
                                 1-37.13$  1-48.30
 
iniaddrs                         Parameter, Integer(4)
                                 1-40.13$
 
inlat                            Parameter, Integer(4)
                                 1-47.13$  0-46.29  0-46.60
 
inlatsh                          Parameter, Integer(4)
                                 1-16.13$  1-47.34
 
inscr                            Parameter, Integer(4)
                                 1-41.13$  1-56.29
 
inscr3                           Parameter, Integer(4)
                                 1-43.13$  1-56.55
 
inscrgeo                         Parameter, Integer(4)
                                 1-42.13$  1-56.35
 
inshem                           Parameter, Integer(4)
                                 1-48.13$
 
insigstp                         Parameter, Integer(4)
                                 1-46.13$  0-46.48
 
insoil                           Parameter, Integer(4)
                                 1-44.13$
 
inspecs                          Parameter, Integer(4)
                                 1-11.13$
 
insumg                           Parameter, Integer(4)
                                 1-45.13$  1-55.31
 
inumrec                          Parameter, Integer(4)
                                 1-10.13$
 
invbl                            Parameter, Integer(4)
                                 1-55.9$
 
iq                               Common member, Integer(4), Offset: 4, Alignment: full word
                                 0-44.27$
 
iradwrk                          Parameter, Integer(4)
                                 1-57.9$
 
it                               Common member, Integer(4), Offset: 8, Alignment: double word
                                 0-44.31$
 
iu                               Common member, Integer(4), Offset: 12, Alignment: full word
                                 0-44.35$
 
iv                               Common member, Integer(4), Offset: 16, Alignment: quadruple word
                                 0-44.39$
 
iwpcpl                           Parameter, Integer(4)
                                 1-21.13$  1-57.21
 
iz                               Common member, Integer(4), Offset: 20, Alignment: full word
                                 0-44.43$
 
j                                Static, Integer(4), Offset: 0, Alignment: full word
                                 0-56.14@  0-64.25  0-67.25  0-67.42
 
jmax                             Reference argument, Integer(4), Offset: 0, Alignment: full word
                                 0-1.41  0-51.29  0-51.29  0-56.18
 
k                                Static, Integer(4), Offset: 0, Alignment: full word
                                 0-60.17@  0-64.28  0-67.28  0-67.45
 
kmax                             Reference argument, Integer(4), Offset: 0, Alignment: full word
                                 0-1.47  0-51.35  0-51.35  0-60.21
 
lblock                           Static, Integer(4), Offset: 0, Alignment: full word
                                 0-53.7@  0-57.10@  0-57.19  0-64.47
 
levh                             Common member, Integer(4), Offset: 28, Alignment: full word
                                 0-45.29$
 
levs                             Common member, Integer(4), Offset: 32, Alignment: quadruple word
                                 0-45.35$
 
loc                              Static, Integer(4), Offset: 0, Alignment: full word
                                 0-58.10@  0-63.16@  0-63.22  0-64.42
 
lonf                             Common member, Integer(4), Offset: 36, Alignment: full word
                                 0-45.41$
 
nlat                             Common member, Integer(4), Offset: 24, Alignment: double word
                                 0-45.23$
 
nsigstp                          Common member, Integer(4), Offset: 40, Alignment: double word
                                 0-45.47$
 
slat                             Common member, Real(4) (1:126), Offset: 44, Alignment: full word
                                 0-46.23$
 
stripara                         Common member, Real(4) (1:22320, 1:126), Offset: 548, Alignment: full word
                                 0-46.38$  0-64.33
 
** cull   === End of Compilation 1 ===
 
>>>>> FILE TABLE SECTION <<<<<
 
 
                                       FILE CREATION        FROM
FILE NO   FILENAME                    DATE       TIME       FILE    LINE
     0    CULL.f                      10/10/02   16:14:55
     1    /gpfs/m/nco/ops/nwprod/sorc/ngm_rgcinp.fd/parmodel
                                      10/10/02   16:14:55      0      41
 
 
>>>>> COMPILATION EPILOGUE SECTION <<<<<
 
 
FORTRAN Summary of Diagnosed Conditions
 
TOTAL   UNRECOVERABLE  SEVERE       ERROR     WARNING    INFORMATIONAL
               (U)       (S)         (E)        (W)          (I)
    0           0         0           0          0            0
 
 
    Source records read.......................................     137
1501-510  Compilation successful for file CULL.f.
1501-543  Object file created.
