IBM XL Fortran Enterprise Edition V10.1 for AIX (5724-M13)  Version 10.01.0000.0002 --- /gpfs/m/nco/ops/nwprod/sorc/ngm_rgcinp.fd/GRDSET.f 09/30/06 19:45:34
 
>>>>> OPTIONS SECTION <<<<<
***   Options In Effect   ***
  
         ==  On / Off Options  ==
         CR              DBG             DDIM            ESCAPE
         FULLPATH        I4              NOLIBESSL       NOLIBPOSIX
         OBJECT          SOURCE          STDFRAMEWORK    STRICT
         SWAPOMP         THREADED        UNWIND          NOZEROSIZE
  
         ==  Options Of Integer Type ==
         FIXED(72)             MAXMEM(-1)            OPTIMIZE(2)
         SPILLSIZE(548)        STACKTEMP(0)
  
         ==  Options Of Character Type  ==
         64(LARGETYPE)         ALIAS(STD,INTPTR)     ALIGN(BINDC(POWER),STRUCT(NATURAL))
         ARCH(PWR3)            ATTR()                AUTODBL(NONE)
         DIRECTIVE(IBM*,IBMT)  ENUM()                FLAG(I,I)
         FLOAT(RNDSNGL,MAF,FOLD,RNGCHK)
         FLTTRAP(OVERFLOW,ZERODIVIDE,INVALID,ENABLE)
         HALT(S)               IEEE(NEAR)            INITAUTO(FF      )
         INTSIZE(4)            LANGLVL(EXTENDED)     POSITION(APPENDOLD)
         REALSIZE(4)           SAVE(ALL)             SIGTRAP()
         TUNE(PWR3)            UNROLL(AUTO)          XREF(FULL)
         XLF77(NOLEADZERO,GEDIT77,NOBLANKPAD,OLDBOZ,INTARG,INTXOR,PERSISTENT,SOFTEOF)
         XLF90(NOSIGNEDZERO,NOAUTODEALLOC)
  
>>>>> SOURCE SECTION <<<<<
          1 |      SUBROUTINE GRDSET (NG, INDEX, MADDRS, IM, JM, XPOL, YPOL,CMU,DLAM)
          2 |C$$$  SUBPROGRAM DOCUMENTATION BLOCK
          3 |C                .      .    .                                       .
          4 |C SUBPROGRAM:    GRDSET      SPECIFY THE CONSTANTS FOR GRID NG
          5 |C   PRGMMR: JIM HOKE         ORG: W/NMC22    DATE: 85-03-27
          6 |C
          7 |C ABSTRACT: SPECIFIES THE CONSTANTS FOR GRID NG, NOTE THAT
          8 |C   N=1 FOR GRID A, N=2 FOR GRID B, N=3 FOR GRID C, ...
          9 |C
         10 |C PROGRAM HISTORY LOG:
         11 |C   85-03-27  JIM HOKE
         12 |C   88-08-02  BRIAN SCHMIDT ADDED THE DOCBLOCK
         13 |C
         14 |C USAGE:    CALL GRDSET(NG,INDEX,MADDRS,IM,JM,XPOL,YPOL,CMU,DLAM)
         15 |C   INPUT ARGUMENT LIST:
         16 |C     NG       - SPECIFIES THE GRID TO BE USED
         17 |C     INDEX    - FIRST INDICE OF ARRAY IADDRG (WHICH CONTAINS
         18 |C                VBL ARRAY ADDRESSES) FOR A SPECIFIC MODEL VARIABLE
         19 |C
         20 |C   OUTPUT ARGUMENT LIST:
         21 |C     MADDRS   - ADDRESS OF SPECIFIC MODEL FIELD AS INDICATED BY
         22 |C                NG AND INDEX
         23 |C     IM       - NUMBER OF GRID POINTS IN THE X DIRECTION
         24 |C     JM       - NUMBER OF GRID POINTS IN THE Y DIRECTION
         25 |C     XPOL     - X INDICE OF THE NORTH POLE
         26 |C     YPOL     - Y INDICE OF THE NORTH POLE
         27 |C     CMU      - GRID INDEX PARAMETER
         28 |C     DLAM     - LONGITUDINAL ROTATION PARAMETER
         29 |C
         30 |C   SUBPROGRAMS CALLED:
         31 |C     LIBRARY:
         32 |C       COMMON - CONSTN
         33 |C
         34 |C REMARKS: NOTE THAT IM AND JM ARE THE NUMBER OF GRID POINTS IN
         35 |C   THE X AND Y DIRECTIONS, RESPECTIVELY, AND NOT NECESSARILY
         36 |C   THE NUMBER OF POINTS USED DURING THE FORECAST.  FOR
         37 |C   INSTANCE, FOR H POINTS, COLUMN I=1 IS NOT USED EVEN AS
         38 |C   A BOUNDARY POINT.  ALL POINTS, WHETHER USED IN THE FORECAST
         39 |C   OR NOT, ARE INITIALLY DEFINED.  BOUNDARY POINTS ARE THEN
         40 |C   OVERWRITTEN AT THE BEGINNING OF THE FORECAST.
         41 |C
         42 |C ATTRIBUTES:
         43 |C   LANGUAGE: CYBER FORTRAN 200
         44 |C   MACHINE:  CYBER 205
         45 |C
         46 |C$$$
         47 |C
         48 |      IMPLICIT REAL (A-H, O-Z)
         49 |C
         50 |C
         51 |      INCLUDE 'parmodel'
  1       1 |C     PARAMETER FILE
  1       2 |C
  1       3 |C     SETUP FOR IBM SINGLE PRECISION REPRESENTATION
  1       4 |C     ON OUTPUT
  1       5 |C                      THIS VERSION 1 May 1991 (DiMego)
  1       6 |C
  1       7 |      PARAMETER (
  1       8 |     *      IBPW      =      4,
  1       9 |     *      IBPOR     = 120000,
  1      10 |     *      INUMREC   = IBPOR / IBPW,
  1      11 |     *      INSPECS   =    700,
  1      12 |     *      ILATG2    =    120,
  1      13 |     *      ILEVH     =     12,
  1      14 |     *      ILEVS     =     16,
  1      15 |     *      ILONF     =    360,
  1      16 |     *      INLATSH   =      5,
  1      17 |     *      IIJMAX    =  23668,
  1      18 |     *      IIJMAXB   =  25536,
  1      19 |     *      IIJRAD    =    892,
  1      20 |     *      IJCAP     =     80,
  1      21 |     *      IWPCPL    =     80,
  1      22 |     *      IKM       =     16 )
  1      23 |      PARAMETER (
  1      24 |     *      ILBCH     =   7*(147+111-7),
  1      25 |     *      ILBHI     =    (147+111-26),
  1      26 |     *      ILBUI     =    (2*147+111-39),
  1      27 |     *      ILBUO     =   (8*147+7*111-56),
  1      28 |     *      ILBVI     =    (147+2*111-39),
  1      29 |     *      ILBVO     =   (7*147+8*111-56),
  1      30 |     *      ILMOUT    =     20 )
  1      31 |      PARAMETER (
  1      32 |     *      IMAXOUTF  =     17,
  1      33 |     *      IMAXOUTT  =      5,
  1      34 |     *      IMAXOUTV  =    100,
  1      35 |     *      IMAXPROF  =      6,
  1      36 |     *      INFILLER  =2500000,
  1      37 |     *      INH       =     65,
  1      38 |     *      INGRDUSE  =      2,
  1      39 |     *      INGRDUS1  =      1,
  1      40 |     *      INIADDRS  =     44,
  1      41 |     *      INSCR     =     23,
  1      42 |     *      INSCRGEO  =     12,
  1      43 |     *      INSCR3    =     10,
  1      44 |     *      INSOIL    =      2,
  1      45 |     *      INSUMG    =  42164,
  1      46 |     *      INSIGSTP  = ILONF * (3 * ILEVS + ILEVH + 2),
  1      47 |     *      INLAT     = ILATG2 + INLATSH + 1,
  1      48 |     *      INSHEM    = 13 * INH + 23,
  1      49 |     *      IIJKMAX   = IKM * IIJMAX )
  1      50 |      PARAMETER (
  1      51 |     *  IIWORDSB  = IIJMAXB / 64,
  1      52 |     *  IKMP1     = IKM + 1,
  1      53 |     *  ILVLTOT   = 7 * IKM + 37,
  1      54 |     *  ILONFP1   = ILONF + 1,
  1      55 |     *  INVBL     = ILVLTOT * INSUMG,
  1      56 |     *  IMAXSCR   = IIJMAX*(INSCR+INSCRGEO) + IIJKMAX*INSCR3+INFILLER,
  1      57 |     *  IRADWRK   = IWPCPL * IIJRAD * IKM,
  1      58 |     *  IBLK1D    =  2 * IKM + 14,
  1      59 |     *  IBLK2D    = 16 * IKM + 36,
  1      60 |     *  IBLK1WRK  = IIJMAX * IBLK1D,
  1      61 |     *  IBLK2WRK  = IIJRAD * IBLK2D )
  1      62 |C
         52 |C
         53 |C
         54 |      LOGICAL  BITSEA, BITSNO, BITWVL
         55 |C
         56 |      COMMON /CONSTN/ IMG( INGRDUSE ), JMG( INGRDUSE ),
         57 |     1                IAG( INGRDUS1 ), JAG( INGRDUS1 ),
         58 |     2                IBG( INGRDUS1 ), JBG( INGRDUS1 ),
         59 |     3                IADDRG( INIADDRS ,  INGRDUSE ),
         60 |     4                INDEXHU,  INDEXHV,  INDEXHTH, INDEXHQ,
         61 |     5                INDEXH,   INDEXST,  INDEXSQ,  INDEXALB,
         62 |     6                INDEXSLP, INDEXPSI, INDEXCD,  INDEXCC,  INDEXGSP,
         63 |     7                INDEXRAD, INDEXDLW, INDEXDSW, INDEXCPR, INDEXMA,
         64 |     8                INDEXSEC, INDEXZ0, INDEXTSS,  INDEXCG,  INDEXDHQ,
         65 |     9                INDEXTSD, KM, NH, NGRDUSE,
         66 |     1                SPECS( INSPECS ), DELSIG( IKM ),
         67 |     2                POVH( IKM ), PIOVHK( IKM ),
         68 |     3                CMUU  ( INGRDUSE ),
         69 |     4                XPOLEH( INGRDUSE ), YPOLEH( INGRDUSE ),
         70 |     5                XPOLEU( INGRDUSE ), YPOLEU( INGRDUSE ),
         71 |     6                XPOLEV( INGRDUSE ), YPOLEV( INGRDUSE ),
         72 |     7                DLAMNGM,
         73 |     8                BITSEA( IIJMAX ,  INGRDUSE ),
         74 |     9                BITSNO( IIJMAX ,  INGRDUSE ),
         75 |     1                BITWVL( IIJMAX ,  INGRDUSE )
         76 |C
         77 |C       ****   END OF INCLUDED COMMON BLOCK CONSTN   ***
         78 |C
         79 |C
         80 |C
         81 |C     ASSIGN THE FUNDAMENTAL GRID PARAMETERS.
         82 |      MADDRS  = IADDRG(INDEX, NG)
         83 |      IM    = IMG(NG)
         84 |      JM    = JMG(NG)
         85 |      CMU   = CMUU(NG)
         86 |      DLAM  = DLAMNGM
         87 |      XPOL  = XPOLEH(NG)
         88 |      YPOL  = YPOLEH(NG)
         89 |C
         90 |C     ADJUST XPOL AND YPOL FOR THE STAGGERED GRID USED WITH
         91 |C     THE U AND V FIELDS.
         92 |      IF(INDEX .NE. INDEXHU) GO TO 600
         93 |C     THE GRID PARAMETERS FOR THE U GRID POINTS ARE SPECIFIED.
         94 |      XPOL = XPOLEU(NG)
         95 |      YPOL = YPOLEU(NG)
         96 |      GO TO 700
         97 |C
         98 |  600 IF (INDEX .NE. INDEXHV) GO TO 700
         99 |C     THE GRID PARAMETERS FOR THE V GRID POINTS ARE SPECIFIED.
        100 |      XPOL = XPOLEV(NG)
        101 |      YPOL = YPOLEV(NG)
        102 |C
        103 |  700 CONTINUE
        104 |C
        105 |      RETURN
        106 |C
        107 |      END
 
>>>>> ATTRIBUTE AND CROSS REFERENCE SECTION <<<<<
 
 
 
IDENTIFIER NAME                  CROSS REFERENCE AND ATTRIBUTES
 
bitsea                           Common member, Logical(4) (1:23668, 1:2), Offset: 3544, Alignment: double word
                                 0-54.16$  0-73.23$
 
bitsno                           Common member, Logical(4) (1:23668, 1:2), Offset: 192888, Alignment: double word
                                 0-54.24$  0-74.23$
 
bitwvl                           Common member, Logical(4) (1:23668, 1:2), Offset: 382232, Alignment: double word
                                 0-54.32$  0-75.23$
 
cmu                              Reference argument, Real(4), Offset: 0, Alignment: full word
                                 0-1.64  0-85.7@
 
cmuu                             Common member, Real(4) (1:2), Offset: 3484, Alignment: full word
                                 0-68.23$  0-85.15
 
constn                           Common Block, Alignment: double word
                                 0-56.15$
 
delsig                           Common member, Real(4) (1:16), Offset: 3292, Alignment: full word
                                 0-66.41$
 
dlam                             Reference argument, Real(4), Offset: 0, Alignment: full word
                                 0-1.68  0-86.7@
 
dlamngm                          Common member, Real(4), Offset: 3540, Alignment: full word
                                 0-72.23$  0-86.15
 
grdset                           Subroutine
                                 0-1.18$
 
iaddrg                           Common member, Integer(4) (1:44, 1:2), Offset: 32, Alignment: quadruple word
                                 0-59.23$  0-82.17
 
iag                              Common member, Integer(4) (1:1), Offset: 16, Alignment: quadruple word
                                 0-57.23$
 
ibg                              Common member, Integer(4) (1:1), Offset: 24, Alignment: double word
                                 0-58.23$
 
iblk1d                           Parameter, Integer(4)
                                 1-58.9$  1-60.30
 
iblk1wrk                         Parameter, Integer(4)
                                 1-60.9$
 
iblk2d                           Parameter, Integer(4)
                                 1-59.9$  1-61.30
 
iblk2wrk                         Parameter, Integer(4)
                                 1-61.9$
 
ibpor                            Parameter, Integer(4)
                                 1-9.13$  1-10.25
 
ibpw                             Parameter, Integer(4)
                                 1-8.13$  1-10.33
 
iijkmax                          Parameter, Integer(4)
                                 1-49.13$  1-56.47
 
iijmax                           Parameter, Integer(4)
                                 1-17.13$  0-73.31  0-74.31  0-75.31  1-49.31  1-56.21  1-60.21
 
iijmaxb                          Parameter, Integer(4)
                                 1-18.13$  1-51.21
 
iijrad                           Parameter, Integer(4)
                                 1-19.13$  1-57.30  1-61.21
 
iiwordsb                         Parameter, Integer(4)
                                 1-51.9$
 
ijcap                            Parameter, Integer(4)
                                 1-20.13$
 
ikm                              Parameter, Integer(4)
                                 1-22.13$  0-66.49  0-67.29  0-67.44  1-49.25  1-52.21  1-53.25  1-57.39  1-58.26  1-59.26
 
ikmp1                            Parameter, Integer(4)
                                 1-52.9$
 
ilatg2                           Parameter, Integer(4)
                                 1-12.13$  1-47.25
 
ilbch                            Parameter, Integer(4)
                                 1-24.13$
 
ilbhi                            Parameter, Integer(4)
                                 1-25.13$
 
ilbui                            Parameter, Integer(4)
                                 1-26.13$
 
ilbuo                            Parameter, Integer(4)
                                 1-27.13$
 
ilbvi                            Parameter, Integer(4)
                                 1-28.13$
 
ilbvo                            Parameter, Integer(4)
                                 1-29.13$
 
ilevh                            Parameter, Integer(4)
                                 1-13.13$  1-46.46
 
ilevs                            Parameter, Integer(4)
                                 1-14.13$  1-46.38
 
ilmout                           Parameter, Integer(4)
                                 1-30.13$
 
ilonf                            Parameter, Integer(4)
                                 1-15.13$  1-46.25  1-54.21
 
ilonfp1                          Parameter, Integer(4)
                                 1-54.9$
 
ilvltot                          Parameter, Integer(4)
                                 1-53.9$  1-55.21
 
im                               Reference argument, Integer(4), Offset: 0, Alignment: full word
                                 0-1.45  0-83.7@
 
imaxoutf                         Parameter, Integer(4)
                                 1-32.13$
 
imaxoutt                         Parameter, Integer(4)
                                 1-33.13$
 
imaxoutv                         Parameter, Integer(4)
                                 1-34.13$
 
imaxprof                         Parameter, Integer(4)
                                 1-35.13$
 
imaxscr                          Parameter, Integer(4)
                                 1-56.9$
 
img                              Common member, Integer(4) (1:2), Offset: 0, Alignment: quadruple word
                                 0-56.23$  0-83.15
 
index                            Reference argument, Integer(4), Offset: 0, Alignment: full word
                                 0-1.30  0-82.24  0-92.10  0-98.11
 
indexalb                         Common member, Integer(4), Offset: 412, Alignment: full word
                                 0-61.53$
 
indexcc                          Common member, Integer(4), Offset: 428, Alignment: full word
                                 0-62.53$
 
indexcd                          Common member, Integer(4), Offset: 424, Alignment: double word
                                 0-62.43$
 
indexcg                          Common member, Integer(4), Offset: 468, Alignment: full word
                                 0-64.53$
 
indexcpr                         Common member, Integer(4), Offset: 448, Alignment: quadruple word
                                 0-63.53$
 
indexdhq                         Common member, Integer(4), Offset: 472, Alignment: double word
                                 0-64.63$
 
indexdlw                         Common member, Integer(4), Offset: 440, Alignment: double word
                                 0-63.33$
 
indexdsw                         Common member, Integer(4), Offset: 444, Alignment: full word
                                 0-63.43$
 
indexgsp                         Common member, Integer(4), Offset: 432, Alignment: quadruple word
                                 0-62.63$
 
indexh                           Common member, Integer(4), Offset: 400, Alignment: quadruple word
                                 0-61.23$
 
indexhq                          Common member, Integer(4), Offset: 396, Alignment: full word
                                 0-60.53$
 
indexhth                         Common member, Integer(4), Offset: 392, Alignment: double word
                                 0-60.43$
 
indexhu                          Common member, Integer(4), Offset: 384, Alignment: quadruple word
                                 0-60.23$  0-92.21
 
indexhv                          Common member, Integer(4), Offset: 388, Alignment: full word
                                 0-60.33$  0-98.22
 
indexma                          Common member, Integer(4), Offset: 452, Alignment: full word
                                 0-63.63$
 
indexpsi                         Common member, Integer(4), Offset: 420, Alignment: full word
                                 0-62.33$
 
indexrad                         Common member, Integer(4), Offset: 436, Alignment: full word
                                 0-63.23$
 
indexsec                         Common member, Integer(4), Offset: 456, Alignment: double word
                                 0-64.23$
 
indexslp                         Common member, Integer(4), Offset: 416, Alignment: quadruple word
                                 0-62.23$
 
indexsq                          Common member, Integer(4), Offset: 408, Alignment: double word
                                 0-61.43$
 
indexst                          Common member, Integer(4), Offset: 404, Alignment: full word
                                 0-61.33$
 
indextsd                         Common member, Integer(4), Offset: 476, Alignment: full word
                                 0-65.23$
 
indextss                         Common member, Integer(4), Offset: 464, Alignment: quadruple word
                                 0-64.42$
 
indexz0                          Common member, Integer(4), Offset: 460, Alignment: full word
                                 0-64.33$
 
infiller                         Parameter, Integer(4)
                                 1-36.13$  1-56.62
 
ingrdus1                         Parameter, Integer(4)
                                 1-39.13$  0-57.28  0-57.45  0-58.28  0-58.45
 
ingrduse                         Parameter, Integer(4)
                                 1-38.13$  0-56.28  0-56.45  0-59.43  0-68.31  0-69.31  0-69.51  0-70.31  0-70.51  0-71.31  0-71.51
                                 0-73.41  0-74.41  0-75.41
 
inh                              Parameter, Integer(4)
                                 1-37.13$  1-48.30
 
iniaddrs                         Parameter, Integer(4)
                                 1-40.13$  0-59.31
 
inlat                            Parameter, Integer(4)
                                 1-47.13$
 
inlatsh                          Parameter, Integer(4)
                                 1-16.13$  1-47.34
 
inscr                            Parameter, Integer(4)
                                 1-41.13$  1-56.29
 
inscr3                           Parameter, Integer(4)
                                 1-43.13$  1-56.55
 
inscrgeo                         Parameter, Integer(4)
                                 1-42.13$  1-56.35
 
inshem                           Parameter, Integer(4)
                                 1-48.13$
 
insigstp                         Parameter, Integer(4)
                                 1-46.13$
 
insoil                           Parameter, Integer(4)
                                 1-44.13$
 
inspecs                          Parameter, Integer(4)
                                 1-11.13$  0-66.30
 
insumg                           Parameter, Integer(4)
                                 1-45.13$  1-55.31
 
inumrec                          Parameter, Integer(4)
                                 1-10.13$
 
invbl                            Parameter, Integer(4)
                                 1-55.9$
 
iradwrk                          Parameter, Integer(4)
                                 1-57.9$
 
iwpcpl                           Parameter, Integer(4)
                                 1-21.13$  1-57.21
 
jag                              Common member, Integer(4) (1:1), Offset: 20, Alignment: full word
                                 0-57.40$
 
jbg                              Common member, Integer(4) (1:1), Offset: 28, Alignment: full word
                                 0-58.40$
 
jm                               Reference argument, Integer(4), Offset: 0, Alignment: full word
                                 0-1.49  0-84.7@
 
jmg                              Common member, Integer(4) (1:2), Offset: 8, Alignment: double word
                                 0-56.40$  0-84.15
 
km                               Common member, Integer(4), Offset: 480, Alignment: quadruple word
                                 0-65.33$
 
maddrs                           Reference argument, Integer(4), Offset: 0, Alignment: full word
                                 0-1.37  0-82.7@
 
ng                               Reference argument, Integer(4), Offset: 0, Alignment: full word
                                 0-1.26  0-82.31  0-83.19  0-84.19  0-85.20  0-87.22  0-88.22  0-94.21  0-95.21  0-100.21  0-101.21
 
ngrduse                          Common member, Integer(4), Offset: 488, Alignment: double word
                                 0-65.41$
 
nh                               Common member, Integer(4), Offset: 484, Alignment: full word
                                 0-65.37$
 
piovhk                           Common member, Real(4) (1:16), Offset: 3420, Alignment: full word
                                 0-67.36$
 
povh                             Common member, Real(4) (1:16), Offset: 3356, Alignment: full word
                                 0-67.23$
 
specs                            Common member, Real(4) (1:700), Offset: 492, Alignment: full word
                                 0-66.23$
 
xpol                             Reference argument, Real(4), Offset: 0, Alignment: full word
                                 0-1.53  0-87.7@  0-94.7@  0-100.7@
 
xpoleh                           Common member, Real(4) (1:2), Offset: 3492, Alignment: full word
                                 0-69.23$  0-87.15
 
xpoleu                           Common member, Real(4) (1:2), Offset: 3508, Alignment: full word
                                 0-70.23$  0-94.14
 
xpolev                           Common member, Real(4) (1:2), Offset: 3524, Alignment: full word
                                 0-71.23$  0-100.14
 
ypol                             Reference argument, Real(4), Offset: 0, Alignment: full word
                                 0-1.59  0-88.7@  0-95.7@  0-101.7@
 
ypoleh                           Common member, Real(4) (1:2), Offset: 3500, Alignment: full word
                                 0-69.43$  0-88.15
 
ypoleu                           Common member, Real(4) (1:2), Offset: 3516, Alignment: full word
                                 0-70.43$  0-95.14
 
ypolev                           Common member, Real(4) (1:2), Offset: 3532, Alignment: full word
                                 0-71.43$  0-101.14
 
** grdset   === End of Compilation 1 ===
 
>>>>> FILE TABLE SECTION <<<<<
 
 
                                       FILE CREATION        FROM
FILE NO   FILENAME                    DATE       TIME       FILE    LINE
     0    GRDSET.f                    10/10/02   16:14:55
     1    /gpfs/m/nco/ops/nwprod/sorc/ngm_rgcinp.fd/parmodel
                                      10/10/02   16:14:55      0      51
 
 
>>>>> COMPILATION EPILOGUE SECTION <<<<<
 
 
FORTRAN Summary of Diagnosed Conditions
 
TOTAL   UNRECOVERABLE  SEVERE       ERROR     WARNING    INFORMATIONAL
               (U)       (S)         (E)        (W)          (I)
    0           0         0           0          0            0
 
 
    Source records read.......................................     169
1501-510  Compilation successful for file GRDSET.f.
1501-543  Object file created.
