IBM XL Fortran Enterprise Edition V10.1 for AIX (5724-M13)  Version 10.01.0000.0002 --- /gpfs/m/nco/ops/nwprod/sorc/ngm_ngmini.fd/HLPO2LOL.f 09/30/06 19:43:53
 
>>>>> OPTIONS SECTION <<<<<
***   Options In Effect   ***
  
         ==  On / Off Options  ==
         CR              DBG             DDIM            ESCAPE
         FULLPATH        I4              INLGLUE         NOLIBESSL
         NOLIBPOSIX      OBJECT          SOURCE          STDFRAMEWORK
         STRICT          SWAPOMP         THREADED        UNWIND
         NOZEROSIZE
  
         ==  Options Of Integer Type ==
         FIXED(72)             MAXMEM(-1)            OPTIMIZE(2)
         SPILLSIZE(548)        STACKTEMP(0)
  
         ==  Options Of Character Type  ==
         64(LARGETYPE)         ALIAS(STD,INTPTR)     ALIGN(BINDC(POWER),STRUCT(NATURAL))
         ARCH(PWR5X)           ATTR()                AUTODBL(NONE)
         DIRECTIVE(IBM*,IBMT)  ENUM()                FLAG(I,I)
         FLOAT(RNDSNGL,MAF,FOLD,RNGCHK)
         HALT(S)               IEEE(NEAR)            INTSIZE(4)
         LANGLVL(EXTENDED)     POSITION(APPENDOLD)   REALSIZE(4)
         SAVE(ALL)             TUNE(PWR5)            UNROLL(AUTO)
         XREF(FULL)            XLF77(NOLEADZERO,GEDIT77,NOBLANKPAD,OLDBOZ,INTARG,INTXOR,PERSISTENT,SOFTEOF)
         XLF90(NOSIGNEDZERO,NOAUTODEALLOC)
  
>>>>> SOURCE SECTION <<<<<
          1 |       SUBROUTINE HLPO2LOL(F1,M1,N1,DX1,XPOLE1,YPOLE1,
          2 |     *                     F2,M2,N2,
          3 |     *                     RK,IK,BK,WORK,
          4 |     *        X1WORK,Y1WORK,X2WORK,Y2WORK,RKWORK,IKWORK,RLATH,DX2,
          5 |     *        IORDPL)
          6 |C$$$  SUBPROGRAM DOCUMENTATION BLOCK
          7 |C                .      .    .                                       .
          8 |C SUBPROGRAM:    HLPO2LOL    POLA TO LOLA INTERPOLATION ROUTINE
          9 |C   PRGMMR: PARRISH          ORG: W/NMC22    DATE: 88-08-08
         10 |C
         11 |C ABSTRACT: INTERPOLATE FROM POLA TO LOLA GRID.
         12 |C
         13 |C PROGRAM HISTORY LOG:
         14 |C   88-08-08  PARRISH
         15 |C
         16 |C USAGE:    CALL HLPO2LOL(F1,M1,N1,DX1,XPOLE1,YPOLE1,
         17 |C    *                     F2,M2,N2,
         18 |C    *                     RK,IK,BK,WORK,
         19 |C    *        X1WORK,Y1WORK,X2WORK,Y2WORK,RKWORK,IKWORK,RLATH,DX2,
         20 |C    *        IORDPL)
         21 |C   INPUT ARGUMENT LIST:
         22 |C     F1       - INPUT FIELD TO INTERPOLATE FROM.
         23 |C     M1       - INPUT FIELD FIRST DIMENSION
         24 |C     N1       - INPUT FIELD SECOND DIMENSION
         25 |C     DX1      - INPUT FIELD GRID INCREMENT
         26 |C     XPOLE1   - INPUT FIELD
         27 |C     YPOLE1   - POLE COORDINATES
         28 |C     M2       - OUTPUT FIELD FIRST DIMENSION
         29 |C     N2       - OUTPUT FIELD SECOND DIMENSION
         30 |C     RLATH    - GAUSSIAN LATITUDES
         31 |C     DX2      - LONGITUDE INCREMENT (BOTH IN RADIANS)
         32 |C     IORDPL   - ORDER OF INTERPOLATION ( 0 - 3 )
         33 |C
         34 |C   OUTPUT ARGUMENT LIST:      (INCLUDING WORK ARRAYS)
         35 |C     F2       - OUTPUT FIELD OF INTERPOLATED VALUES.
         36 |C     RK       - WORK ARRAY
         37 |C     IK       - WORK ARRAY
         38 |C     BK       - WORK ARRAY
         39 |C     WORK     - WORK ARRAY
         40 |C     X1WORK   - WORK ARRAY
         41 |C     Y1WORK   - WORK ARRAY
         42 |C     X2WORK   - WORK ARRAY
         43 |C     Y2WORK   - WORK ARRAY
         44 |C     RKWORK   - WORK ARRAY
         45 |C     IKWORK   - WORK ARRAY
         46 |C
         47 |C   SUBPROGRAMS CALLED: LOLARXY,TWOPLATE
         48 |C
         49 |C ATTRIBUTES:
         50 |C   LANGUAGE: FORTRAN200
         51 |C   MACHINE:  CYBER
         52 |C
         53 |C$$$
         54 |C--------
         55 |         include "myparam"
  1       1 |        INCLUDE 'parmodel'
  2       1 |C     PARAMETER FILE
  2       2 |C
  2       3 |C     SETUP FOR IBM SINGLE PRECISION REPRESENTATION
  2       4 |C     ON OUTPUT
  2       5 |C                      THIS VERSION 21 February 1991 (DiMego)
  2       6 |C
  2       7 |      PARAMETER (
  2       8 |     *      IBPW      =      4,
  2       9 |     *      IBPOR     = 120000,
  2      10 |     *      INUMREC   = IBPOR / IBPW,
  2      11 |     *      INSPECS   =    700,
  2      12 |     *      ILATG2    =    120,
  2      13 |     *      ILEVH     =     12,
  2      14 |     *      ILEVS     =     16,
  2      15 |     *      ILONF     =    360,
  2      16 |     *      INLATSH   =      5,
  2      17 |     *      IIJMAX    =  23668,
  2      18 |     *      IIJMAXB   =  25536,
  2      19 |     *      IIJRAD    =    892,
  2      20 |     *      IJCAP     =     80,
  2      21 |     *      IWPCPL    =     80,
  2      22 |     *      IKM       =     16 )
  2      23 |      PARAMETER (
  2      24 |     *      ILBCH     =   7*(147+111-7),
  2      25 |     *      ILBHI     =    (147+111-26),
  2      26 |     *      ILBUI     =    (2*147+111-39),
  2      27 |     *      ILBUO     =   (8*147+7*111-56),
  2      28 |     *      ILBVI     =    (147+2*111-39),
  2      29 |     *      ILBVO     =   (7*147+8*111-56),
  2      30 |     *      ILMOUT    =     20 )
  2      31 |      PARAMETER (
  2      32 |     *      IMAXOUTF  =     17,
  2      33 |     *      IMAXOUTT  =      3,
  2      34 |     *      IMAXOUTV  =    100,
  2      35 |     *      IMAXPROF  =      6,
  2      36 |     *      INFILLER  =  10000,
  2      37 |     *      INH       =     65,
  2      38 |     *      INGRDUSE  =      2,
  2      39 |     *      INGRDUS1  =      1,
  2      40 |     *      INIADDRS  =     44,
  2      41 |     *      INSCR     =     23,
  2      42 |     *      INSCRGEO  =     12,
  2      43 |     *      INSCR3    =     10,
  2      44 |     *      INSOIL    =      2,
  2      45 |     *      INSUMG    =  42164,
  2      46 |     *      INSIGSTP  = ILONF * (3 * ILEVS + ILEVH + 2),
  2      47 |     *      INLAT     = ILATG2 + INLATSH + 1,
  2      48 |     *      INSHEM    = 13 * INH + 23,
  2      49 |     *      IIJKMAX   = IKM * IIJMAX )
  2      50 |      PARAMETER (
  2      51 |     *  IIWORDSB  = IIJMAXB / 64,
  2      52 |     *  IKMP1     = IKM + 1,
  2      53 |     *  ILVLTOT   = 7 * IKM + 37,
  2      54 |     *  ILONFP1   = ILONF + 1,
  2      55 |     *  INVBL     = ILVLTOT * INSUMG,
  2      56 |     *  IMAXSCR   = IIJMAX*(INSCR+INSCRGEO) + IIJKMAX*INSCR3+INFILLER,
  2      57 |     *  IRADWRK   = IWPCPL * IIJRAD * IKM,
  2      58 |     *  IBLK1D    =  2 * IKM + 14,
  2      59 |     *  IBLK2D    = 16 * IKM + 36,
  2      60 |     *  IBLK1WRK  = IIJMAX * IBLK1D,
  2      61 |     *  IBLK2WRK  = IIJRAD * IBLK2D )
  2      62 |C
  1       2 |C-------
  1       3 |C------- FOLLOWING IS EXTRA STUFF FOR INITIALIZATION
  1       4 |C-------
  1       5 |         PARAMETER (INLATH=101,INUMCOEF=3*INLATH+35,
  1       6 |     *        INUMGRID=4,IJCAPDP=80,INLON=300,INKLON=2,INKLAT=2,
  1       7 |     *        IIORBPL=3,IIORDPL=3,IIORBLP=3,IIORDLP=3,IMCUBIC=1,
  1       8 |     *        INUMVERT=2,INSIG=IKM,INMODES=18,INGMAX=3000,
  1       9 |     *        INKSIG=2,INSIGP1=INSIG+1,INLONEX=INLON+INKLON,
  1      10 |     *        INLATDP=2*INLATH,INLOLA=INLATDP*INLONEX,
  1      11 |     *        IJCAP1DP=IJCAPDP+1,IJCAP12=2*IJCAP1DP,
  1      12 |     *        INCOEFS=IJCAP1DP*(IJCAPDP+2),
  1      13 |     *     IDPFILLR=(4*IKM+1)*INSUMG+       3*(IIJKMAX*4+IIJMAX) )
  1      14 |C    *     IDPFILLR=(4*IKM+1)*INSUMG+INGRDUSE*(IIJKMAX*4+IIJMAX) )
         56 |         REAL F1(1),F2(N2,M2),WORK(M2,N2)
         57 |         REAL RK(1),X1WORK(1),Y1WORK(1),X2WORK(1)
         58 |         REAL Y2WORK(1),RKWORK(1),RLATH(1)
         59 |         INTEGER IK(1),IKWORK(1)
         60 |         LOGICAL BK(1)
         61 |C--------
         62 |         NKX=IORDPL+1
         63 |         ERAD=6371.22E3
         64 |         IORDER=NKX-1
         65 |         NF=1
         66 |         IZERO=0
         67 |         MNN1=M1*N1
         68 |         MNN2=M2*N2
         69 |         DO 90080 I=1,M1
         70 |           X1WORK(I)=DX1*(I-XPOLE1)
         71 |90080    CONTINUE
         72 |         DO 90084 I=1,N1
         73 |           Y1WORK(I)=DX1*(I-YPOLE1)
         74 |90084    CONTINUE
         75 |c        WRITE(6,8)M1,N1,XPOLE1,YPOLE1,DX1
         76 |c8       FORMAT(' IN HLPO2LOL, M1,N1,XPOLE1,YPOLE1,DX1=',
         77 |c    *        2I5,3E12.4,' X1,Y1 FOLLOW')
         78 |c        WRITE(6,10)(X1WORK(I),I=1,M1)
         79 |c        WRITE(6,12)(Y1WORK(I),I=1,N1)
         80 |c10      FORMAT(1H ,10E12.4)
         81 |c12      FORMAT(1H ,5X,10E12.4)
         82 |         CALL LOLARXY(X2WORK,Y2WORK,M2,N2,DX2,
         83 |     *               ERAD,RKWORK,IKWORK,RK,RLATH)
         84 |         CALL TWOPLATE(F1,M1,N1,X1WORK,Y1WORK,MNN1,
         85 |     *             WORK,MNN2,X2WORK,Y2WORK,MNN2,
         86 |     *                   IORDER,NF,RK,IK,RKWORK,IKWORK,BK,IZERO)
         87 |C--------     TRANSFER RESULT TO F2, PRESERVING VALUES OF F2 ALREADY
         88 |C--------      DONE.
         89 |         II=0
         90 |         DO 200 J=1,N2
         91 |           DO 100 I=1,M2
         92 |             II=II+1
         93 |             IF(BK(II)) F2(J,I)=WORK(I,J)
         94 |100        CONTINUE
         95 |200      CONTINUE
         96 |       RETURN
         97 |       END
 
>>>>> ATTRIBUTE AND CROSS REFERENCE SECTION <<<<<
 
 
 
IDENTIFIER NAME                  CROSS REFERENCE AND ATTRIBUTES
 
bk                               Reference argument, Logical(4) (1:1), Offset: 0, Alignment: full word
                                 0-60.18$  0-3.34  0-86.56  0-93.17
 
dx1                              Reference argument, Real(4), Offset: 0, Alignment: full word
                                 0-1.37  0-70.22  0-73.22
 
dx2                              Reference argument, Real(4), Offset: 0, Alignment: full word
                                 0-4.63  0-82.43
 
erad                             Static, Real(4), Offset: 0, Alignment: full word
                                 0-63.10@  0-83.22
 
f1                               Reference argument, Real(4) (1:1), Offset: 0, Alignment: full word
                                 0-56.15$  0-1.28  0-84.24
 
f2                               Reference argument, Real(4) (1:?, 1:?), Offset: 0, Alignment: full word
                                 0-56.21$  0-2.28  0-93.25@
 
hlpo2lol                         Subroutine
                                 0-1.19$
 
i                                Static, Integer(4), Offset: 0, Alignment: full word
                                 0-69.19@  0-70.19  0-70.27  0-72.19@  0-73.19  0-73.27  0-91.19@  0-93.30  0-93.38
 
iblk1d                           Parameter, Integer(4)
                                 2-58.9$  2-60.30
 
iblk1wrk                         Parameter, Integer(4)
                                 2-60.9$
 
iblk2d                           Parameter, Integer(4)
                                 2-59.9$  2-61.30
 
iblk2wrk                         Parameter, Integer(4)
                                 2-61.9$
 
ibpor                            Parameter, Integer(4)
                                 2-9.13$  2-10.25
 
ibpw                             Parameter, Integer(4)
                                 2-8.13$  2-10.33
 
idpfillr                         Parameter, Integer(4)
                                 1-13.12$
 
ii                               Static, Integer(4), Offset: 0, Alignment: full word
                                 0-89.10@  0-92.14@  0-92.17  0-93.20
 
iijkmax                          Parameter, Integer(4)
                                 2-49.13$  1-13.48  2-56.47
 
iijmax                           Parameter, Integer(4)
                                 2-17.13$  1-13.58  2-49.31  2-56.21  2-60.21
 
iijmaxb                          Parameter, Integer(4)
                                 2-18.13$  2-51.21
 
iijrad                           Parameter, Integer(4)
                                 2-19.13$  2-57.30  2-61.21
 
iiorblp                          Parameter, Integer(4)
                                 1-7.35$
 
iiorbpl                          Parameter, Integer(4)
                                 1-7.15$
 
iiordlp                          Parameter, Integer(4)
                                 1-7.45$
 
iiordpl                          Parameter, Integer(4)
                                 1-7.25$
 
iiwordsb                         Parameter, Integer(4)
                                 2-51.9$
 
ijcap                            Parameter, Integer(4)
                                 2-20.13$
 
ijcap12                          Parameter, Integer(4)
                                 1-11.34$
 
ijcap1dp                         Parameter, Integer(4)
                                 1-11.15$  1-11.44  1-12.23
 
ijcapdp                          Parameter, Integer(4)
                                 1-6.26$  1-11.24  1-12.33
 
ik                               Reference argument, Integer(4) (1:1), Offset: 0, Alignment: full word
                                 0-59.18$  0-3.31  0-86.39
 
ikm                              Parameter, Integer(4)
                                 2-22.13$  1-8.32  1-13.24  2-49.25  2-52.21  2-53.25  2-57.39  2-58.26  2-59.26
 
ikmp1                            Parameter, Integer(4)
                                 2-52.9$
 
ikwork                           Reference argument, Integer(4) (1:1), Offset: 0, Alignment: full word
                                 0-59.24$  0-4.50  0-83.34  0-86.49
 
ilatg2                           Parameter, Integer(4)
                                 2-12.13$  2-47.25
 
ilbch                            Parameter, Integer(4)
                                 2-24.13$
 
ilbhi                            Parameter, Integer(4)
                                 2-25.13$
 
ilbui                            Parameter, Integer(4)
                                 2-26.13$
 
ilbuo                            Parameter, Integer(4)
                                 2-27.13$
 
ilbvi                            Parameter, Integer(4)
                                 2-28.13$
 
ilbvo                            Parameter, Integer(4)
                                 2-29.13$
 
ilevh                            Parameter, Integer(4)
                                 2-13.13$  2-46.46
 
ilevs                            Parameter, Integer(4)
                                 2-14.13$  2-46.38
 
ilmout                           Parameter, Integer(4)
                                 2-30.13$
 
ilonf                            Parameter, Integer(4)
                                 2-15.13$  2-46.25  2-54.21
 
ilonfp1                          Parameter, Integer(4)
                                 2-54.9$
 
ilvltot                          Parameter, Integer(4)
                                 2-53.9$  2-55.21
 
imaxoutf                         Parameter, Integer(4)
                                 2-32.13$
 
imaxoutt                         Parameter, Integer(4)
                                 2-33.13$
 
imaxoutv                         Parameter, Integer(4)
                                 2-34.13$
 
imaxprof                         Parameter, Integer(4)
                                 2-35.13$
 
imaxscr                          Parameter, Integer(4)
                                 2-56.9$
 
imcubic                          Parameter, Integer(4)
                                 1-7.55$
 
incoefs                          Parameter, Integer(4)
                                 1-12.15$
 
infiller                         Parameter, Integer(4)
                                 2-36.13$  2-56.62
 
ingmax                           Parameter, Integer(4)
                                 1-8.47$
 
ingrdus1                         Parameter, Integer(4)
                                 2-39.13$
 
ingrduse                         Parameter, Integer(4)
                                 2-38.13$
 
inh                              Parameter, Integer(4)
                                 2-37.13$  2-48.30
 
iniaddrs                         Parameter, Integer(4)
                                 2-40.13$
 
inklat                           Parameter, Integer(4)
                                 1-6.56$
 
inklon                           Parameter, Integer(4)
                                 1-6.47$  1-9.54
 
inksig                           Parameter, Integer(4)
                                 1-9.15$
 
inlat                            Parameter, Integer(4)
                                 2-47.13$
 
inlatdp                          Parameter, Integer(4)
                                 1-10.15$  1-10.39
 
inlath                           Parameter, Integer(4)
                                 1-5.21$  1-5.43  1-10.25
 
inlatsh                          Parameter, Integer(4)
                                 2-16.13$  2-47.34
 
inlola                           Parameter, Integer(4)
                                 1-10.32$
 
inlon                            Parameter, Integer(4)
                                 1-6.37$  1-9.48
 
inlonex                          Parameter, Integer(4)
                                 1-9.40$  1-10.47
 
inmodes                          Parameter, Integer(4)
                                 1-8.36$
 
inscr                            Parameter, Integer(4)
                                 2-41.13$  2-56.29
 
inscr3                           Parameter, Integer(4)
                                 2-43.13$  2-56.55
 
inscrgeo                         Parameter, Integer(4)
                                 2-42.13$  2-56.35
 
inshem                           Parameter, Integer(4)
                                 2-48.13$
 
insig                            Parameter, Integer(4)
                                 1-8.26$  1-9.32
 
insigp1                          Parameter, Integer(4)
                                 1-9.24$
 
insigstp                         Parameter, Integer(4)
                                 2-46.13$
 
insoil                           Parameter, Integer(4)
                                 2-44.13$
 
inspecs                          Parameter, Integer(4)
                                 2-11.13$
 
insumg                           Parameter, Integer(4)
                                 2-45.13$  1-13.31  2-55.31
 
inumcoef                         Parameter, Integer(4)
                                 1-5.32$
 
inumgrid                         Parameter, Integer(4)
                                 1-6.15$
 
inumrec                          Parameter, Integer(4)
                                 2-10.13$
 
inumvert                         Parameter, Integer(4)
                                 1-8.15$
 
invbl                            Parameter, Integer(4)
                                 2-55.9$
 
iorder                           Static, Integer(4), Offset: 0, Alignment: full word
                                 0-64.10@  0-86.26
 
iordpl                           Reference argument, Integer(4), Offset: 0, Alignment: full word
                                 0-5.15  0-62.14
 
iradwrk                          Parameter, Integer(4)
                                 2-57.9$
 
iwpcpl                           Parameter, Integer(4)
                                 2-21.13$  2-57.21
 
izero                            Static, Integer(4), Offset: 0, Alignment: full word
                                 0-66.10@  0-86.59
 
j                                Static, Integer(4), Offset: 0, Alignment: full word
                                 0-90.17@  0-93.28  0-93.40
 
lolarxy                          External Subroutine
                                 0-82.15
 
m1                               Reference argument, Integer(4), Offset: 0, Alignment: full word
                                 0-1.31  0-67.15  0-69.23  0-84.27
 
m2                               Reference argument, Integer(4), Offset: 0, Alignment: full word
                                 0-2.31  0-56.27  0-56.27  0-56.36  0-56.36  0-68.15  0-82.37  0-91.23
 
mnn1                             Static, Integer(4), Offset: 0, Alignment: full word
                                 0-67.10@  0-84.47
 
mnn2                             Static, Integer(4), Offset: 0, Alignment: full word
                                 0-68.10@  0-85.25  0-85.44
 
n1                               Reference argument, Integer(4), Offset: 0, Alignment: full word
                                 0-1.34  0-67.18  0-72.23  0-84.30
 
n2                               Reference argument, Integer(4), Offset: 0, Alignment: full word
                                 0-2.34  0-56.24  0-56.24  0-56.39  0-56.39  0-68.18  0-82.40  0-90.21
 
nf                               Static, Integer(4), Offset: 0, Alignment: full word
                                 0-65.10@  0-86.33
 
nkx                              Static, Integer(4), Offset: 0, Alignment: full word
                                 0-62.10@  0-64.17
 
rk                               Reference argument, Real(4) (1:1), Offset: 0, Alignment: full word
                                 0-57.15$  0-3.28  0-83.41  0-86.36
 
rkwork                           Reference argument, Real(4) (1:1), Offset: 0, Alignment: full word
                                 0-58.25$  0-4.43  0-83.27  0-86.42
 
rlath                            Reference argument, Real(4) (1:1), Offset: 0, Alignment: full word
                                 0-58.35$  0-4.57  0-83.44
 
twoplate                         External Subroutine
                                 0-84.15
 
work                             Reference argument, Real(4) (1:?, 1:?), Offset: 0, Alignment: full word
                                 0-56.31$  0-3.37  0-85.20  0-93.33
 
x1work                           Reference argument, Real(4) (1:1), Offset: 0, Alignment: full word
                                 0-57.21$  0-4.15  0-70.12@  0-84.33
 
x2work                           Reference argument, Real(4) (1:1), Offset: 0, Alignment: full word
                                 0-57.41$  0-4.29  0-82.23  0-85.30
 
xpole1                           Reference argument, Real(4), Offset: 0, Alignment: full word
                                 0-1.41  0-70.29
 
y1work                           Reference argument, Real(4) (1:1), Offset: 0, Alignment: full word
                                 0-57.31$  0-4.22  0-73.12@  0-84.40
 
y2work                           Reference argument, Real(4) (1:1), Offset: 0, Alignment: full word
                                 0-58.15$  0-4.36  0-82.30  0-85.37
 
ypole1                           Reference argument, Real(4), Offset: 0, Alignment: full word
                                 0-1.48  0-73.29
 
** hlpo2lol   === End of Compilation 1 ===
 
>>>>> FILE TABLE SECTION <<<<<
 
 
                                       FILE CREATION        FROM
FILE NO   FILENAME                    DATE       TIME       FILE    LINE
     0    HLPO2LOL.f                  10/09/02   12:45:07
     1    /gpfs/m/nco/ops/nwprod/sorc/ngm_ngmini.fd/myparam
                                      02/09/00   18:27:58      0      55
     2    /gpfs/m/nco/ops/nwprod/sorc/ngm_ngmini.fd/parmodel
                                      02/09/00   18:27:59      1       1
 
 
>>>>> COMPILATION EPILOGUE SECTION <<<<<
 
 
FORTRAN Summary of Diagnosed Conditions
 
TOTAL   UNRECOVERABLE  SEVERE       ERROR     WARNING    INFORMATIONAL
               (U)       (S)         (E)        (W)          (I)
    0           0         0           0          0            0
 
 
    Source records read.......................................     173
1501-510  Compilation successful for file HLPO2LOL.f.
1501-543  Object file created.
