IBM XL Fortran Enterprise Edition V10.1 for AIX (5724-M13)  Version 10.01.0000.0002 --- /gpfs/m/nco/ops/nwprod/sorc/ngm_ngmini.fd/M1FAX.f 09/30/06 19:44:04
 
>>>>> OPTIONS SECTION <<<<<
***   Options In Effect   ***
  
         ==  On / Off Options  ==
         CR              DBG             DDIM            ESCAPE
         FULLPATH        I4              INLGLUE         NOLIBESSL
         NOLIBPOSIX      OBJECT          SOURCE          STDFRAMEWORK
         STRICT          SWAPOMP         THREADED        UNWIND
         NOZEROSIZE
  
         ==  Options Of Integer Type ==
         FIXED(72)             MAXMEM(-1)            OPTIMIZE(2)
         SPILLSIZE(548)        STACKTEMP(0)
  
         ==  Options Of Character Type  ==
         64(LARGETYPE)         ALIAS(STD,INTPTR)     ALIGN(BINDC(POWER),STRUCT(NATURAL))
         ARCH(PWR5X)           ATTR()                AUTODBL(NONE)
         DIRECTIVE(IBM*,IBMT)  ENUM()                FLAG(I,I)
         FLOAT(RNDSNGL,MAF,FOLD,RNGCHK)
         HALT(S)               IEEE(NEAR)            INTSIZE(4)
         LANGLVL(EXTENDED)     POSITION(APPENDOLD)   REALSIZE(4)
         SAVE(ALL)             TUNE(PWR5)            UNROLL(AUTO)
         XREF(FULL)            XLF77(NOLEADZERO,GEDIT77,NOBLANKPAD,OLDBOZ,INTARG,INTXOR,PERSISTENT,SOFTEOF)
         XLF90(NOSIGNEDZERO,NOAUTODEALLOC)
  
>>>>> SOURCE SECTION <<<<<
          1 |      SUBROUTINE M1FAX(IFAX,N,MODE)
          2 |      DIMENSION IFAX(10)
          3 |      NN=N
          4 |      IF (IABS(MODE).EQ.1) GO TO 10
          5 |      IF (IABS(MODE).EQ.8) GO TO 10
          6 |      NN=N/2
          7 |      IF ((NN+NN).EQ.N) GO TO 10
          8 |      IFAX(1)=-99
          9 |      RETURN
         10 |   10 K=1
         11 |C     TEST FOR FACTORS OF 4
         12 |   20 IF (MOD(NN,4).NE.0) GO TO 30
         13 |      K=K+1
         14 |      IFAX(K)=4
         15 |      NN=NN/4
         16 |      IF (NN.EQ.1) GO TO 80
         17 |      GO TO 20
         18 |C     TEST FOR EXTRA FACTOR OF 2
         19 |   30 IF (MOD(NN,2).NE.0) GO TO 40
         20 |      K=K+1
         21 |      IFAX(K)=2
         22 |      NN=NN/2
         23 |      IF (NN.EQ.1) GO TO 80
         24 |C     TEST FOR FACTORS OF 3
         25 |   40 IF (MOD(NN,3).NE.0) GO TO 50
         26 |      K=K+1
         27 |      IFAX(K)=3
         28 |      NN=NN/3
         29 |      IF (NN.EQ.1) GO TO 80
         30 |      GO TO 40
         31 |C     NOW FIND REMAINING FACTORS
         32 |   50 L=5
         33 |      INC=2
         34 |C     INC ALTERNATELY TAKES ON VALUES 2 AND 4
         35 |   60 IF (MOD(NN,L).NE.0) GO TO 70
         36 |      K=K+1
         37 |      IFAX(K)=L
         38 |      NN=NN/L
         39 |      IF (NN.EQ.1) GO TO 80
         40 |      GO TO 60
         41 |   70 L=L+INC
         42 |      INC=6-INC
         43 |      GO TO 60
         44 |   80 IFAX(1)=K-1
         45 |C     IFAX(1) CONTAINS NUMBER OF FACTORS
         46 |C     IFAX(1) CONTAINS NUMBER OF FACTORS
         47 |      NFAX=IFAX(1)
         48 |C     SORT FACTORS INTO ASCENDING ORDER
         49 |      IF (NFAX.EQ.1) GO TO 110
         50 |      DO 100 II=2,NFAX
         51 |      ISTOP=NFAX+2-II
         52 |      DO 90 I=2,ISTOP
         53 |      IF (IFAX(I+1).GE.IFAX(I)) GO TO 90
         54 |      ITEM=IFAX(I)
         55 |      IFAX(I)=IFAX(I+1)
         56 |      IFAX(I+1)=ITEM
         57 |   90 CONTINUE
         58 |  100 CONTINUE
         59 |  110 CONTINUE
         60 |      RETURN
         61 |      END
 
>>>>> ATTRIBUTE AND CROSS REFERENCE SECTION <<<<<
 
 
 
IDENTIFIER NAME                  CROSS REFERENCE AND ATTRIBUTES
 
i                                Static, Integer(4), Offset: 0, Alignment: full word
                                 0-52.13@  0-53.16  0-53.29  0-54.17  0-55.12  0-55.20  0-56.12
 
iabs                             Pure Intrinsic
                                 0-4.11  0-5.11
 
ifax                             Reference argument, Integer(4) (1:10), Offset: 0, Alignment: full word
                                 0-2.17$  0-1.24  0-8.7@  0-14.7@  0-21.7@  0-27.7@  0-37.7@  0-44.7@  0-47.12  0-53.11  0-53.24
                                 0-54.12  0-55.7@  0-55.15  0-56.7@
 
ii                               Static, Integer(4), Offset: 0, Alignment: full word
                                 0-50.14@  0-51.20
 
inc                              Static, Integer(4), Offset: 0, Alignment: full word
                                 0-33.7@  0-41.11  0-42.7@  0-42.13
 
istop                            Static, Integer(4), Offset: 0, Alignment: full word
                                 0-51.7@  0-52.17
 
item                             Static, Integer(4), Offset: 0, Alignment: full word
                                 0-54.7@  0-56.17
 
k                                Static, Integer(4), Offset: 0, Alignment: full word
                                 0-10.7@  0-13.7@  0-13.9  0-14.12  0-20.7@  0-20.9  0-21.12  0-26.7@  0-26.9  0-27.12  0-36.7@
                                 0-36.9  0-37.12  0-44.15
 
l                                Static, Integer(4), Offset: 0, Alignment: full word
                                 0-32.7@  0-35.18  0-37.15  0-38.13  0-41.7@  0-41.9
 
m1fax                            Subroutine
                                 0-1.18$
 
mod                              Pure Intrinsic
                                 0-12.11  0-19.11  0-25.11  0-35.11
 
mode                             Reference argument, Integer(4), Offset: 0, Alignment: full word
                                 0-1.31  0-4.16  0-5.16
 
n                                Reference argument, Integer(4), Offset: 0, Alignment: full word
                                 0-1.29  0-3.10  0-6.10  0-7.22
 
nfax                             Static, Integer(4), Offset: 0, Alignment: full word
                                 0-47.7@  0-49.11  0-50.19  0-51.13
 
nn                               Static, Integer(4), Offset: 0, Alignment: full word
                                 0-3.7@  0-6.7@  0-7.12  0-7.15  0-12.15  0-15.7@  0-15.10  0-16.11  0-19.15  0-22.7@  0-22.10
                                 0-23.11  0-25.15  0-28.7@  0-28.10  0-29.11  0-35.15  0-38.7@  0-38.10  0-39.11
 
** m1fax   === End of Compilation 1 ===
 
>>>>> FILE TABLE SECTION <<<<<
 
 
                                       FILE CREATION        FROM
FILE NO   FILENAME                    DATE       TIME       FILE    LINE
     0    M1FAX.f                     10/09/02   12:45:07
 
 
>>>>> COMPILATION EPILOGUE SECTION <<<<<
 
 
FORTRAN Summary of Diagnosed Conditions
 
TOTAL   UNRECOVERABLE  SEVERE       ERROR     WARNING    INFORMATIONAL
               (U)       (S)         (E)        (W)          (I)
    0           0         0           0          0            0
 
 
    Source records read.......................................      61
1501-510  Compilation successful for file M1FAX.f.
1501-543  Object file created.
