IBM XL Fortran Enterprise Edition V10.1 for AIX (5724-M13)  Version 10.01.0000.0002 --- /gpfs/m/nco/ops/nwprod/sorc/ngm_ngmini.fd/M1POLY.f 09/30/06 19:43:52
 
>>>>> OPTIONS SECTION <<<<<
***   Options In Effect   ***
  
         ==  On / Off Options  ==
         CR              DBG             DDIM            ESCAPE
         FULLPATH        I4              INLGLUE         NOLIBESSL
         NOLIBPOSIX      OBJECT          SOURCE          STDFRAMEWORK
         STRICT          SWAPOMP         THREADED        UNWIND
         NOZEROSIZE
  
         ==  Options Of Integer Type ==
         FIXED(72)             MAXMEM(-1)            OPTIMIZE(2)
         SPILLSIZE(548)        STACKTEMP(0)
  
         ==  Options Of Character Type  ==
         64(LARGETYPE)         ALIAS(STD,INTPTR)     ALIGN(BINDC(POWER),STRUCT(NATURAL))
         ARCH(PWR5X)           ATTR()                AUTODBL(NONE)
         DIRECTIVE(IBM*,IBMT)  ENUM()                FLAG(I,I)
         FLOAT(RNDSNGL,MAF,FOLD,RNGCHK)
         HALT(S)               IEEE(NEAR)            INTSIZE(4)
         LANGLVL(EXTENDED)     POSITION(APPENDOLD)   REALSIZE(4)
         SAVE(ALL)             TUNE(PWR5)            UNROLL(AUTO)
         XREF(FULL)            XLF77(NOLEADZERO,GEDIT77,NOBLANKPAD,OLDBOZ,INTARG,INTXOR,PERSISTENT,SOFTEOF)
         XLF90(NOSIGNEDZERO,NOAUTODEALLOC)
  
>>>>> SOURCE SECTION <<<<<
          1 |      SUBROUTINE M1POLY(N,RAD,P)
          2 |C$$$  SUBPROGRAM DOCUMENTATION BLOCK
          3 |C                .      .    .                                       .
          4 |C SUBPROGRAM:    M1POLY      USED FOR COMPUTING GAUSSIAN LATS
          5 |C   PRGMMR: SELA             ORG: W/NMC22    DATE: 79-03-03
          6 |C
          7 |C ABSTRACT: COMPUTE LEGENDRE POLYNOMIAL OF ORDER N FOR USE BY
          8 |C   SUBROUTINE M1GLAT WHICH COMPUTES GAUSSIAN LATITUDES AND WEIGHTS.
          9 |C
         10 |C PROGRAM HISTORY LOG:
         11 |C   79-03-03  SELA
         12 |C   88-04-08  PARRISH   ADD DOCBLOCK
         13 |C
         14 |C USAGE:    CALL M1POLY(N,RAD,P)
         15 |C   INPUT ARGUMENT LIST:
         16 |C     N        - ORDER OF LEGENDRE POLYNOMIAL
         17 |C     RAD      - ARGUMENT FOR LEGENDRE POLYNOMIAL
         18 |C
         19 |C   OUTPUT ARGUMENT LIST:
         20 |C     P        - VALUE OF LEGENDRE POLYNOMIAL
         21 |C
         22 |C ATTRIBUTES:
         23 |C   LANGUAGE: FTN200
         24 |C   MACHINE:  CYBER
         25 |C
         26 |C$$$
         27 |      implicit double precision (a-h,o-z)
         28 |      X=  COS(RAD)
         29 |      Y1=1.d0
         30 |      Y2=X
         31 |      DO 1 I=2,N
         32 |      G=X*Y2
         33 |      Y3=G-Y1+G-(G-Y1)/FLOAT(I)
         34 |      Y1=Y2
         35 |      Y2=Y3
         36 |1     CONTINUE
         37 |      P=Y3
         38 |      RETURN
         39 |      END
 
>>>>> ATTRIBUTE AND CROSS REFERENCE SECTION <<<<<
 
 
 
IDENTIFIER NAME                  CROSS REFERENCE AND ATTRIBUTES
 
cos                              Pure Intrinsic
                                 0-28.11
 
float                            Pure Intrinsic
                                 0-33.24
 
g                                Static, Real(8), Offset: 0, Alignment: double word
                                 0-32.7@  0-33.10  0-33.15  0-33.18
 
i                                Static, Integer(4), Offset: 0, Alignment: full word
                                 0-31.12@  0-33.30
 
m1poly                           Subroutine
                                 0-1.18$
 
n                                Reference argument, Integer(4), Offset: 0, Alignment: full word
                                 0-1.25  0-31.16
 
p                                Reference argument, Real(8), Offset: 0, Alignment: double word
                                 0-1.31  0-37.7@
 
rad                              Reference argument, Real(8), Offset: 0, Alignment: double word
                                 0-1.27  0-28.15
 
x                                Static, Real(8), Offset: 0, Alignment: double word
                                 0-28.7@  0-30.10  0-32.9
 
y1                               Static, Real(8), Offset: 0, Alignment: double word
                                 0-29.7@  0-33.12  0-33.20  0-34.7@
 
y2                               Static, Real(8), Offset: 0, Alignment: double word
                                 0-30.7@  0-32.11  0-34.10  0-35.7@
 
y3                               Static, Real(8), Offset: 0, Alignment: double word
                                 0-33.7@  0-35.10  0-37.9
 
** m1poly   === End of Compilation 1 ===
 
>>>>> FILE TABLE SECTION <<<<<
 
 
                                       FILE CREATION        FROM
FILE NO   FILENAME                    DATE       TIME       FILE    LINE
     0    M1POLY.f                    10/09/02   12:45:08
 
 
>>>>> COMPILATION EPILOGUE SECTION <<<<<
 
 
FORTRAN Summary of Diagnosed Conditions
 
TOTAL   UNRECOVERABLE  SEVERE       ERROR     WARNING    INFORMATIONAL
               (U)       (S)         (E)        (W)          (I)
    0           0         0           0          0            0
 
 
    Source records read.......................................      39
1501-510  Compilation successful for file M1POLY.f.
1501-543  Object file created.
