IBM XL Fortran Enterprise Edition V10.1 for AIX (5724-M13)  Version 10.01.0000.0002 --- /gpfs/m/nco/ops/nwprod/sorc/ngm_ngmini.fd/M1RCONS.f 09/30/06 19:43:53
 
>>>>> OPTIONS SECTION <<<<<
***   Options In Effect   ***
  
         ==  On / Off Options  ==
         CR              DBG             DDIM            ESCAPE
         FULLPATH        I4              INLGLUE         NOLIBESSL
         NOLIBPOSIX      OBJECT          SOURCE          STDFRAMEWORK
         STRICT          SWAPOMP         THREADED        UNWIND
         NOZEROSIZE
  
         ==  Options Of Integer Type ==
         FIXED(72)             MAXMEM(-1)            OPTIMIZE(2)
         SPILLSIZE(548)        STACKTEMP(0)
  
         ==  Options Of Character Type  ==
         64(LARGETYPE)         ALIAS(STD,INTPTR)     ALIGN(BINDC(POWER),STRUCT(NATURAL))
         ARCH(PWR5X)           ATTR()                AUTODBL(NONE)
         DIRECTIVE(IBM*,IBMT)  ENUM()                FLAG(I,I)
         FLOAT(RNDSNGL,MAF,FOLD,RNGCHK)
         HALT(S)               IEEE(NEAR)            INTSIZE(4)
         LANGLVL(EXTENDED)     POSITION(APPENDOLD)   REALSIZE(4)
         SAVE(ALL)             TUNE(PWR5)            UNROLL(AUTO)
         XREF(FULL)            XLF77(NOLEADZERO,GEDIT77,NOBLANKPAD,OLDBOZ,INTARG,INTXOR,PERSISTENT,SOFTEOF)
         XLF90(NOSIGNEDZERO,NOAUTODEALLOC)
  
>>>>> SOURCE SECTION <<<<<
          1 |       SUBROUTINE M1RCONS(AP,BP,AQR,BQR,GR,JCAP)
          2 |C$$$  SUBPROGRAM DOCUMENTATION BLOCK
          3 |C                .      .    .                                       .
          4 |C SUBPROGRAM:    M1RCONS    COMPUTE LEGENDRE GENERATOR CONSTANTS
          5 |C   PRGMMR: PARRISH          ORG: W/NMC22    DATE: 90-09-21
          6 |C
          7 |C ABSTRACT: COMPUTE VARIOUS GENERATOR CONSTANTS NEEDED FOR
          8 |C   LEGENDRE FUNCTIONS USED BY SPECTRAL TRANSFORMS.
          9 |C
         10 |C PROGRAM HISTORY LOG:
         11 |C   90-09-21  PARRISH
         12 |C
         13 |C USAGE:    CALL M1RCONS(AP,BP,AQR,BQR,GR,JCAP)
         14 |C   INPUT ARGUMENT LIST:
         15 |C     JCAP     - TRIANGULAR TRUNCATION
         16 |C
         17 |C   OUTPUT ARGUMENT LIST:
         18 |C     AP       - VARIOUS
         19 |C     BP       -  REQUIRED
         20 |C     AQR      -   RECURSION
         21 |C     BQR      -    CONSTANTS
         22 |C     GR       -
         23 |C
         24 |C ATTRIBUTES:
         25 |C   LANGUAGE: CFT77
         26 |C   MACHINE:  CRAY YMP
         27 |C
         28 |C$$$
         29 |         implicit double precision (a-h,o-z)
         30 |         DIMENSION AP(0:JCAP,0:JCAP),BP(0:JCAP,0:JCAP)
         31 |         DIMENSION AQR(0:JCAP,0:JCAP),BQR(0:JCAP,0:JCAP)
         32 |         DIMENSION GR(0:JCAP,0:JCAP)
         33 |         real*4 conmc
         34 |C--------
         35 |         RERTH=CONMC('RERTH$')
         36 |         AP=0.d0
         37 |         BP=0.d0
         38 |         AQR=0.d0
         39 |         BQR=0.d0
         40 |         GR=0.d0
         41 |         DO 20 N=0,JCAP
         42 |           DO 10 L=0,N
         43 |             AP(N,L)=SQRT((2.d0*N+1.d0)*(2.d0*N+3.d0)/
         44 |     *                   ((N-L+1.d0)*(N+L+1.d0)))
         45 |             BP(N,L)=-SQRT((N-L)*(N+L)*(2.d0*N+3.d0)/
         46 |     *           ((N-L+1.d0)*(N+L+1.d0)*MAX(1.d0,2.d0*N-1.d0)))
         47 |             AQR(N,L)=AP(N,L)*N/(N+2.d0)
         48 |             BQR(N,L)=BP(N,L)*N*(N-1.d0)/((N+1.d0)*(N+2.d0))
         49 |             GR(N,L)=RERTH*AP(N,L)/((N+1.d0)*(N+2.d0))
         50 |10         CONTINUE
         51 |20       CONTINUE
         52 |       RETURN
         53 |       END
 
>>>>> ATTRIBUTE AND CROSS REFERENCE SECTION <<<<<
 
 
 
IDENTIFIER NAME                  CROSS REFERENCE AND ATTRIBUTES
 
ap                               Reference argument, Real(8) (0:?, 0:?), Offset: 0, Alignment: double word
                                 0-30.20$  0-1.27  0-36.10@  0-43.14@  0-47.23  0-49.28
 
aqr                              Reference argument, Real(8) (0:?, 0:?), Offset: 0, Alignment: double word
                                 0-31.20$  0-1.33  0-38.10@  0-47.14@
 
bp                               Reference argument, Real(8) (0:?, 0:?), Offset: 0, Alignment: double word
                                 0-30.38$  0-1.30  0-37.10@  0-45.14@  0-48.23
 
bqr                              Reference argument, Real(8) (0:?, 0:?), Offset: 0, Alignment: double word
                                 0-31.39$  0-1.37  0-39.10@  0-48.14@
 
conmc                            External Function Real(4)
                                 0-33.17$  0-35.16
 
gr                               Reference argument, Real(8) (0:?, 0:?), Offset: 0, Alignment: double word
                                 0-32.20$  0-1.41  0-40.10@  0-49.14@
 
jcap                             Reference argument, Integer(4), Offset: 0, Alignment: full word
                                 0-1.44  0-30.25  0-30.25  0-30.32  0-30.32  0-30.43  0-30.43  0-30.50  0-30.50  0-31.26  0-31.26
                                 0-31.33  0-31.33  0-31.45  0-31.45  0-31.52  0-31.52  0-32.25  0-32.25  0-32.32  0-32.32  0-41.20
 
l                                Static, Integer(4), Offset: 0, Alignment: full word
                                 0-42.18@  0-43.19  0-44.30  0-44.41  0-45.19  0-45.31  0-45.37  0-46.22  0-46.33  0-47.20  0-47.28
                                 0-48.20  0-48.28  0-49.19  0-49.33
 
m1rcons                          Subroutine
                                 0-1.19$
 
max                              Pure Intrinsic
                                 0-46.41
 
n                                Static, Integer(4), Offset: 0, Alignment: full word
                                 0-41.16@  0-42.22  0-43.17  0-43.33  0-43.47  0-44.28  0-44.39  0-45.17  0-45.29  0-45.35  0-45.46
                                 0-46.20  0-46.31  0-46.55  0-47.18  0-47.26  0-47.31  0-47.34  0-48.18  0-48.26  0-48.31  0-48.34
                                 0-48.44  0-48.53  0-49.17  0-49.31  0-49.38  0-49.47
 
rerth                            Static, Real(8), Offset: 0, Alignment: double word
                                 0-35.10@  0-49.22
 
sqrt                             Pure Intrinsic
                                 0-43.22  0-45.23
 
** m1rcons   === End of Compilation 1 ===
 
>>>>> FILE TABLE SECTION <<<<<
 
 
                                       FILE CREATION        FROM
FILE NO   FILENAME                    DATE       TIME       FILE    LINE
     0    M1RCONS.f                   10/09/02   12:45:08
 
 
>>>>> COMPILATION EPILOGUE SECTION <<<<<
 
 
FORTRAN Summary of Diagnosed Conditions
 
TOTAL   UNRECOVERABLE  SEVERE       ERROR     WARNING    INFORMATIONAL
               (U)       (S)         (E)        (W)          (I)
    0           0         0           0          0            0
 
 
    Source records read.......................................      53
1501-510  Compilation successful for file M1RCONS.f.
1501-543  Object file created.
