IBM XL Fortran Enterprise Edition V10.1 for AIX (5724-M13)  Version 10.01.0000.0002 --- /gpfs/m/nco/ops/nwprod/sorc/ngm_ngmini.fd/M1VPAS.f 09/30/06 19:43:54
 
>>>>> OPTIONS SECTION <<<<<
***   Options In Effect   ***
  
         ==  On / Off Options  ==
         CR              DBG             DDIM            ESCAPE
         FULLPATH        I4              INLGLUE         NOLIBESSL
         NOLIBPOSIX      OBJECT          SOURCE          STDFRAMEWORK
         STRICT          SWAPOMP         THREADED        UNWIND
         NOZEROSIZE
  
         ==  Options Of Integer Type ==
         FIXED(72)             MAXMEM(-1)            OPTIMIZE(2)
         SPILLSIZE(548)        STACKTEMP(0)
  
         ==  Options Of Character Type  ==
         64(LARGETYPE)         ALIAS(STD,INTPTR)     ALIGN(BINDC(POWER),STRUCT(NATURAL))
         ARCH(PWR5X)           ATTR()                AUTODBL(NONE)
         DIRECTIVE(IBM*,IBMT)  ENUM()                FLAG(I,I)
         FLOAT(RNDSNGL,MAF,FOLD,RNGCHK)
         HALT(S)               IEEE(NEAR)            INTSIZE(4)
         LANGLVL(EXTENDED)     POSITION(APPENDOLD)   REALSIZE(4)
         SAVE(ALL)             TUNE(PWR5)            UNROLL(AUTO)
         XREF(FULL)            XLF77(NOLEADZERO,GEDIT77,NOBLANKPAD,OLDBOZ,INTARG,INTXOR,PERSISTENT,SOFTEOF)
         XLF90(NOSIGNEDZERO,NOAUTODEALLOC)
  
>>>>> SOURCE SECTION <<<<<
          1 |      SUBROUTINE M1VPAS(A,B,C,D,TRIGS,INC1,INC2,INC3,INC4,LOT,N,IFAC,LA)
          2 |      DIMENSION A(N),B(N),C(N),D(N),TRIGS(N)
          3 |      DATA SIN36/0.587785252292473/,COS36/0.809016994374947/,
          4 |     *     SIN72/0.951056516295154/,COS72/0.309016994374947/,
          5 |     *     SIN60/0.866025403784437/
          6 |C
          7 |      M=N/IFAC
          8 |      IINK=M*INC1
          9 |      JINK=LA*INC2
         10 |      JUMP=(IFAC-1)*JINK
         11 |      IBASE=0
         12 |      JBASE=0
         13 |      IGO=IFAC-1
         14 |      IF (IGO.GT.4) RETURN
         15 |      GO TO (10,50,90,130),IGO
         16 |C
         17 |C     CODING FOR FACTOR 2
         18 |C
         19 |   10 IA=1
         20 |      JA=1
         21 |      IB=IA+IINK
         22 |      JB=JA+JINK
         23 |      DO 20 L=1,LA
         24 |      I=IBASE
         25 |      J=JBASE
         26 |CDIR$ IVDEP
         27 |      DO 15 IJK=1,LOT
         28 |      C(JA+J)=A(IA+I)+A(IB+I)
         29 |      D(JA+J)=B(IA+I)+B(IB+I)
         30 |      C(JB+J)=A(IA+I)-A(IB+I)
         31 |      D(JB+J)=B(IA+I)-B(IB+I)
         32 |      I=I+INC3
         33 |      J=J+INC4
         34 |   15 CONTINUE
         35 |      IBASE=IBASE+INC1
         36 |      JBASE=JBASE+INC2
         37 |   20 CONTINUE
         38 |      IF (LA.EQ.M) RETURN
         39 |      LA1=LA+1
         40 |      JBASE=JBASE+JUMP
         41 |      DO 40 K=LA1,M,LA
         42 |      KB=K+K-2
         43 |      C1=TRIGS(KB+1)
         44 |      S1=TRIGS(KB+2)
         45 |      DO 30 L=1,LA
         46 |      I=IBASE
         47 |      J=JBASE
         48 |CDIR$ IVDEP
         49 |      DO 25 IJK=1,LOT
         50 |      C(JA+J)=A(IA+I)+A(IB+I)
         51 |      D(JA+J)=B(IA+I)+B(IB+I)
         52 |      C(JB+J)=C1*(A(IA+I)-A(IB+I))-S1*(B(IA+I)-B(IB+I))
         53 |      D(JB+J)=S1*(A(IA+I)-A(IB+I))+C1*(B(IA+I)-B(IB+I))
         54 |      I=I+INC3
         55 |      J=J+INC4
         56 |   25 CONTINUE
         57 |      IBASE=IBASE+INC1
         58 |      JBASE=JBASE+INC2
         59 |   30 CONTINUE
         60 |      JBASE=JBASE+JUMP
         61 |   40 CONTINUE
         62 |      RETURN
         63 |C
         64 |C     CODING FOR FACTOR 3
         65 |C
         66 |   50 IA=1
         67 |      JA=1
         68 |      IB=IA+IINK
         69 |      JB=JA+JINK
         70 |      IC=IB+IINK
         71 |      JC=JB+JINK
         72 |      DO 60 L=1,LA
         73 |      I=IBASE
         74 |      J=JBASE
         75 |CDIR$ IVDEP
         76 |      DO 55 IJK=1,LOT
         77 |      C(JA+J)=A(IA+I)+(A(IB+I)+A(IC+I))
         78 |      D(JA+J)=B(IA+I)+(B(IB+I)+B(IC+I))
         79 |      C(JB+J)=(A(IA+I)-0.5 E0*(A(IB+I)+A(IC+I)))
         80 |     X                                       -(SIN60*(B(IB+I)-B(IC+I)))
         81 |      C(JC+J)=(A(IA+I)-0.5 E0*(A(IB+I)+A(IC+I)))
         82 |     X                                       +(SIN60*(B(IB+I)-B(IC+I)))
         83 |      D(JB+J)=(B(IA+I)-0.5 E0*(B(IB+I)+B(IC+I)))
         84 |     X                                       +(SIN60*(A(IB+I)-A(IC+I)))
         85 |      D(JC+J)=(B(IA+I)-0.5 E0*(B(IB+I)+B(IC+I)))
         86 |     X                                       -(SIN60*(A(IB+I)-A(IC+I)))
         87 |      I=I+INC3
         88 |      J=J+INC4
         89 |   55 CONTINUE
         90 |      IBASE=IBASE+INC1
         91 |      JBASE=JBASE+INC2
         92 |   60 CONTINUE
         93 |      IF (LA.EQ.M) RETURN
         94 |      LA1=LA+1
         95 |      JBASE=JBASE+JUMP
         96 |      DO 80 K=LA1,M,LA
         97 |      KB=K+K-2
         98 |      KC=KB+KB
         99 |      C1=TRIGS(KB+1)
        100 |      S1=TRIGS(KB+2)
        101 |      C2=TRIGS(KC+1)
        102 |      S2=TRIGS(KC+2)
        103 |      DO 70 L=1,LA
        104 |      I=IBASE
        105 |      J=JBASE
        106 |CDIR$ IVDEP
        107 |      DO 65 IJK=1,LOT
        108 |      C(JA+J)=A(IA+I)+(A(IB+I)+A(IC+I))
        109 |      D(JA+J)=B(IA+I)+(B(IB+I)+B(IC+I))
        110 |      C(JB+J)=
        111 |     *    C1*((A(IA+I)-0.5 E0*(A(IB+I)+A(IC+I)))
        112 |     X                                      -(SIN60*(B(IB+I)-B(IC+I))))
        113 |     *   -S1*((B(IA+I)-0.5 E0*(B(IB+I)+B(IC+I)))
        114 |     X                                      +(SIN60*(A(IB+I)-A(IC+I))))
        115 |      D(JB+J)=
        116 |     *    S1*((A(IA+I)-0.5 E0*(A(IB+I)+A(IC+I)))
        117 |     X                                      -(SIN60*(B(IB+I)-B(IC+I))))
        118 |     *   +C1*((B(IA+I)-0.5 E0*(B(IB+I)+B(IC+I)))
        119 |     X                                      +(SIN60*(A(IB+I)-A(IC+I))))
        120 |      C(JC+J)=
        121 |     *    C2*((A(IA+I)-0.5 E0*(A(IB+I)+A(IC+I)))
        122 |     X                                      +(SIN60*(B(IB+I)-B(IC+I))))
        123 |     *   -S2*((B(IA+I)-0.5 E0*(B(IB+I)+B(IC+I)))
        124 |     X                                      -(SIN60*(A(IB+I)-A(IC+I))))
        125 |      D(JC+J)=
        126 |     *    S2*((A(IA+I)-0.5 E0*(A(IB+I)+A(IC+I)))
        127 |     X                                      +(SIN60*(B(IB+I)-B(IC+I))))
        128 |     *   +C2*((B(IA+I)-0.5 E0*(B(IB+I)+B(IC+I)))
        129 |     X                                      -(SIN60*(A(IB+I)-A(IC+I))))
        130 |      I=I+INC3
        131 |      J=J+INC4
        132 |   65 CONTINUE
        133 |      IBASE=IBASE+INC1
        134 |      JBASE=JBASE+INC2
        135 |   70 CONTINUE
        136 |      JBASE=JBASE+JUMP
        137 |   80 CONTINUE
        138 |      RETURN
        139 |C
        140 |C     CODING FOR FACTOR 4
        141 |C
        142 |   90 IA=1
        143 |      JA=1
        144 |      IB=IA+IINK
        145 |      JB=JA+JINK
        146 |      IC=IB+IINK
        147 |      JC=JB+JINK
        148 |      ID=IC+IINK
        149 |      JD=JC+JINK
        150 |      DO 100 L=1,LA
        151 |      I=IBASE
        152 |      J=JBASE
        153 |CDIR$ IVDEP
        154 |      DO 95 IJK=1,LOT
        155 |      C(JA+J)=(A(IA+I)+A(IC+I))+(A(IB+I)+A(ID+I))
        156 |      C(JC+J)=(A(IA+I)+A(IC+I))-(A(IB+I)+A(ID+I))
        157 |      D(JA+J)=(B(IA+I)+B(IC+I))+(B(IB+I)+B(ID+I))
        158 |      D(JC+J)=(B(IA+I)+B(IC+I))-(B(IB+I)+B(ID+I))
        159 |      C(JB+J)=(A(IA+I)-A(IC+I))-(B(IB+I)-B(ID+I))
        160 |      C(JD+J)=(A(IA+I)-A(IC+I))+(B(IB+I)-B(ID+I))
        161 |      D(JB+J)=(B(IA+I)-B(IC+I))+(A(IB+I)-A(ID+I))
        162 |      D(JD+J)=(B(IA+I)-B(IC+I))-(A(IB+I)-A(ID+I))
        163 |      I=I+INC3
        164 |      J=J+INC4
        165 |   95 CONTINUE
        166 |      IBASE=IBASE+INC1
        167 |      JBASE=JBASE+INC2
        168 |  100 CONTINUE
        169 |      IF (LA.EQ.M) RETURN
        170 |      LA1=LA+1
        171 |      JBASE=JBASE+JUMP
        172 |      DO 120 K=LA1,M,LA
        173 |      KB=K+K-2
        174 |      KC=KB+KB
        175 |      KD=KC+KB
        176 |      C1=TRIGS(KB+1)
        177 |      S1=TRIGS(KB+2)
        178 |      C2=TRIGS(KC+1)
        179 |      S2=TRIGS(KC+2)
        180 |      C3=TRIGS(KD+1)
        181 |      S3=TRIGS(KD+2)
        182 |      DO 110 L=1,LA
        183 |      I=IBASE
        184 |      J=JBASE
        185 |CDIR$ IVDEP
        186 |      DO 105 IJK=1,LOT
        187 |      C(JA+J)=(A(IA+I)+A(IC+I))+(A(IB+I)+A(ID+I))
        188 |      D(JA+J)=(B(IA+I)+B(IC+I))+(B(IB+I)+B(ID+I))
        189 |      C(JC+J)=
        190 |     *    C2*((A(IA+I)+A(IC+I))-(A(IB+I)+A(ID+I)))
        191 |     *   -S2*((B(IA+I)+B(IC+I))-(B(IB+I)+B(ID+I)))
        192 |      D(JC+J)=
        193 |     *    S2*((A(IA+I)+A(IC+I))-(A(IB+I)+A(ID+I)))
        194 |     *   +C2*((B(IA+I)+B(IC+I))-(B(IB+I)+B(ID+I)))
        195 |      C(JB+J)=
        196 |     *    C1*((A(IA+I)-A(IC+I))-(B(IB+I)-B(ID+I)))
        197 |     *   -S1*((B(IA+I)-B(IC+I))+(A(IB+I)-A(ID+I)))
        198 |      D(JB+J)=
        199 |     *    S1*((A(IA+I)-A(IC+I))-(B(IB+I)-B(ID+I)))
        200 |     *   +C1*((B(IA+I)-B(IC+I))+(A(IB+I)-A(ID+I)))
        201 |      C(JD+J)=
        202 |     *    C3*((A(IA+I)-A(IC+I))+(B(IB+I)-B(ID+I)))
        203 |     *   -S3*((B(IA+I)-B(IC+I))-(A(IB+I)-A(ID+I)))
        204 |      D(JD+J)=
        205 |     *    S3*((A(IA+I)-A(IC+I))+(B(IB+I)-B(ID+I)))
        206 |     *   +C3*((B(IA+I)-B(IC+I))-(A(IB+I)-A(ID+I)))
        207 |      I=I+INC3
        208 |      J=J+INC4
        209 |  105 CONTINUE
        210 |      IBASE=IBASE+INC1
        211 |      JBASE=JBASE+INC2
        212 |  110 CONTINUE
        213 |      JBASE=JBASE+JUMP
        214 |  120 CONTINUE
        215 |      RETURN
        216 |C
        217 |C     CODING FOR FACTOR 5
        218 |C
        219 |  130 IA=1
        220 |      JA=1
        221 |      IB=IA+IINK
        222 |      JB=JA+JINK
        223 |      IC=IB+IINK
        224 |      JC=JB+JINK
        225 |      ID=IC+IINK
        226 |      JD=JC+JINK
        227 |      IE=ID+IINK
        228 |      JE=JD+JINK
        229 |      DO 140 L=1,LA
        230 |      I=IBASE
        231 |      J=JBASE
        232 |CDIR$ IVDEP
        233 |      DO 135 IJK=1,LOT
        234 |      C(JA+J)=A(IA+I)+(A(IB+I)+A(IE+I))+(A(IC+I)+A(ID+I))
        235 |      D(JA+J)=B(IA+I)+(B(IB+I)+B(IE+I))+(B(IC+I)+B(ID+I))
        236 |      C(JB+J)=(A(IA+I)+COS72*(A(IB+I)+A(IE+I))-COS36*(A(IC+I)+A(ID+I)))
        237 |     *  -(SIN72*(B(IB+I)-B(IE+I))+SIN36*(B(IC+I)-B(ID+I)))
        238 |      C(JE+J)=(A(IA+I)+COS72*(A(IB+I)+A(IE+I))-COS36*(A(IC+I)+A(ID+I)))
        239 |     *  +(SIN72*(B(IB+I)-B(IE+I))+SIN36*(B(IC+I)-B(ID+I)))
        240 |      D(JB+J)=(B(IA+I)+COS72*(B(IB+I)+B(IE+I))-COS36*(B(IC+I)+B(ID+I)))
        241 |     *  +(SIN72*(A(IB+I)-A(IE+I))+SIN36*(A(IC+I)-A(ID+I)))
        242 |      D(JE+J)=(B(IA+I)+COS72*(B(IB+I)+B(IE+I))-COS36*(B(IC+I)+B(ID+I)))
        243 |     *  -(SIN72*(A(IB+I)-A(IE+I))+SIN36*(A(IC+I)-A(ID+I)))
        244 |      C(JC+J)=(A(IA+I)-COS36*(A(IB+I)+A(IE+I))+COS72*(A(IC+I)+A(ID+I)))
        245 |     *  -(SIN36*(B(IB+I)-B(IE+I))-SIN72*(B(IC+I)-B(ID+I)))
        246 |      C(JD+J)=(A(IA+I)-COS36*(A(IB+I)+A(IE+I))+COS72*(A(IC+I)+A(ID+I)))
        247 |     *  +(SIN36*(B(IB+I)-B(IE+I))-SIN72*(B(IC+I)-B(ID+I)))
        248 |      D(JC+J)=(B(IA+I)-COS36*(B(IB+I)+B(IE+I))+COS72*(B(IC+I)+B(ID+I)))
        249 |     *  +(SIN36*(A(IB+I)-A(IE+I))-SIN72*(A(IC+I)-A(ID+I)))
        250 |      D(JD+J)=(B(IA+I)-COS36*(B(IB+I)+B(IE+I))+COS72*(B(IC+I)+B(ID+I)))
        251 |     *  -(SIN36*(A(IB+I)-A(IE+I))-SIN72*(A(IC+I)-A(ID+I)))
        252 |      I=I+INC3
        253 |      J=J+INC4
        254 |  135 CONTINUE
        255 |      IBASE=IBASE+INC1
        256 |      JBASE=JBASE+INC2
        257 |  140 CONTINUE
        258 |      IF (LA.EQ.M) RETURN
        259 |      LA1=LA+1
        260 |      JBASE=JBASE+JUMP
        261 |      DO 160 K=LA1,M,LA
        262 |      KB=K+K-2
        263 |      KC=KB+KB
        264 |      KD=KC+KB
        265 |      KE=KD+KB
        266 |      C1=TRIGS(KB+1)
        267 |      S1=TRIGS(KB+2)
        268 |      C2=TRIGS(KC+1)
        269 |      S2=TRIGS(KC+2)
        270 |      C3=TRIGS(KD+1)
        271 |      S3=TRIGS(KD+2)
        272 |      C4=TRIGS(KE+1)
        273 |      S4=TRIGS(KE+2)
        274 |      DO 150 L=1,LA
        275 |      I=IBASE
        276 |      J=JBASE
        277 |CDIR$ IVDEP
        278 |      DO 145 IJK=1,LOT
        279 |      C(JA+J)=A(IA+I)+(A(IB+I)+A(IE+I))+(A(IC+I)+A(ID+I))
        280 |      D(JA+J)=B(IA+I)+(B(IB+I)+B(IE+I))+(B(IC+I)+B(ID+I))
        281 |      C(JB+J)=
        282 |     *    C1*((A(IA+I)+COS72*(A(IB+I)+A(IE+I))-COS36*(A(IC+I)+A(ID+I)))
        283 |     *      -(SIN72*(B(IB+I)-B(IE+I))+SIN36*(B(IC+I)-B(ID+I))))
        284 |     *   -S1*((B(IA+I)+COS72*(B(IB+I)+B(IE+I))-COS36*(B(IC+I)+B(ID+I)))
        285 |     *      +(SIN72*(A(IB+I)-A(IE+I))+SIN36*(A(IC+I)-A(ID+I))))
        286 |      D(JB+J)=
        287 |     *    S1*((A(IA+I)+COS72*(A(IB+I)+A(IE+I))-COS36*(A(IC+I)+A(ID+I)))
        288 |     *      -(SIN72*(B(IB+I)-B(IE+I))+SIN36*(B(IC+I)-B(ID+I))))
        289 |     *   +C1*((B(IA+I)+COS72*(B(IB+I)+B(IE+I))-COS36*(B(IC+I)+B(ID+I)))
        290 |     *      +(SIN72*(A(IB+I)-A(IE+I))+SIN36*(A(IC+I)-A(ID+I))))
        291 |      C(JE+J)=
        292 |     *    C4*((A(IA+I)+COS72*(A(IB+I)+A(IE+I))-COS36*(A(IC+I)+A(ID+I)))
        293 |     *      +(SIN72*(B(IB+I)-B(IE+I))+SIN36*(B(IC+I)-B(ID+I))))
        294 |     *   -S4*((B(IA+I)+COS72*(B(IB+I)+B(IE+I))-COS36*(B(IC+I)+B(ID+I)))
        295 |     *      -(SIN72*(A(IB+I)-A(IE+I))+SIN36*(A(IC+I)-A(ID+I))))
        296 |      D(JE+J)=
        297 |     *    S4*((A(IA+I)+COS72*(A(IB+I)+A(IE+I))-COS36*(A(IC+I)+A(ID+I)))
        298 |     *      +(SIN72*(B(IB+I)-B(IE+I))+SIN36*(B(IC+I)-B(ID+I))))
        299 |     *   +C4*((B(IA+I)+COS72*(B(IB+I)+B(IE+I))-COS36*(B(IC+I)+B(ID+I)))
        300 |     *      -(SIN72*(A(IB+I)-A(IE+I))+SIN36*(A(IC+I)-A(ID+I))))
        301 |      C(JC+J)=
        302 |     *    C2*((A(IA+I)-COS36*(A(IB+I)+A(IE+I))+COS72*(A(IC+I)+A(ID+I)))
        303 |     *      -(SIN36*(B(IB+I)-B(IE+I))-SIN72*(B(IC+I)-B(ID+I))))
        304 |     *   -S2*((B(IA+I)-COS36*(B(IB+I)+B(IE+I))+COS72*(B(IC+I)+B(ID+I)))
        305 |     *      +(SIN36*(A(IB+I)-A(IE+I))-SIN72*(A(IC+I)-A(ID+I))))
        306 |      D(JC+J)=
        307 |     *    S2*((A(IA+I)-COS36*(A(IB+I)+A(IE+I))+COS72*(A(IC+I)+A(ID+I)))
        308 |     *      -(SIN36*(B(IB+I)-B(IE+I))-SIN72*(B(IC+I)-B(ID+I))))
        309 |     *   +C2*((B(IA+I)-COS36*(B(IB+I)+B(IE+I))+COS72*(B(IC+I)+B(ID+I)))
        310 |     *      +(SIN36*(A(IB+I)-A(IE+I))-SIN72*(A(IC+I)-A(ID+I))))
        311 |      C(JD+J)=
        312 |     *    C3*((A(IA+I)-COS36*(A(IB+I)+A(IE+I))+COS72*(A(IC+I)+A(ID+I)))
        313 |     *      +(SIN36*(B(IB+I)-B(IE+I))-SIN72*(B(IC+I)-B(ID+I))))
        314 |     *   -S3*((B(IA+I)-COS36*(B(IB+I)+B(IE+I))+COS72*(B(IC+I)+B(ID+I)))
        315 |     *      -(SIN36*(A(IB+I)-A(IE+I))-SIN72*(A(IC+I)-A(ID+I))))
        316 |      D(JD+J)=
        317 |     *    S3*((A(IA+I)-COS36*(A(IB+I)+A(IE+I))+COS72*(A(IC+I)+A(ID+I)))
        318 |     *      +(SIN36*(B(IB+I)-B(IE+I))-SIN72*(B(IC+I)-B(ID+I))))
        319 |     *   +C3*((B(IA+I)-COS36*(B(IB+I)+B(IE+I))+COS72*(B(IC+I)+B(ID+I)))
        320 |     *      -(SIN36*(A(IB+I)-A(IE+I))-SIN72*(A(IC+I)-A(ID+I))))
        321 |      I=I+INC3
        322 |      J=J+INC4
        323 |  145 CONTINUE
        324 |      IBASE=IBASE+INC1
        325 |      JBASE=JBASE+INC2
        326 |  150 CONTINUE
        327 |      JBASE=JBASE+JUMP
        328 |  160 CONTINUE
        329 |      RETURN
        330 |      END
 
>>>>> ATTRIBUTE AND CROSS REFERENCE SECTION <<<<<
 
 
 
IDENTIFIER NAME                  CROSS REFERENCE AND ATTRIBUTES
 
a                                Reference argument, Real(4) (1:?), Offset: 0, Alignment: full word
                                 0-2.17$  0-1.25  0-28.15  0-28.23  0-30.15  0-30.23  0-50.15  0-50.23  0-52.19  0-52.27  0-53.19
                                 0-53.27  0-77.15  0-77.24  0-77.32  0-79.16  0-79.32  0-79.40  0-81.16  0-81.32  0-81.40  0-84.55
                                 0-84.63  0-86.55  0-86.63  0-108.15  0-108.24  0-108.32  0-111.16  0-111.32  0-111.40  0-114.54
                                 0-114.62  0-116.16  0-116.32  0-116.40  0-119.54  0-119.62  0-121.16  0-121.32  0-121.40  0-124.54
                                 0-124.62  0-126.16  0-126.32  0-126.40  0-129.54  0-129.62  0-155.16  0-155.24  0-155.34  0-155.42
                                 0-156.16  0-156.24  0-156.34  0-156.42  0-159.16  0-159.24  0-160.16  0-160.24  0-161.34  0-161.42
                                 0-162.34  0-162.42  0-187.16  0-187.24  0-187.34  0-187.42  0-190.16  0-190.24  0-190.34  0-190.42
                                 0-193.16  0-193.24  0-193.34  0-193.42  0-196.16  0-196.24  0-197.34  0-197.42  0-199.16  0-199.24
                                 0-200.34  0-200.42  0-202.16  0-202.24  0-203.34  0-203.42  0-205.16  0-205.24  0-206.34  0-206.42
                                 0-234.15  0-234.24  0-234.32  0-234.42  0-234.50  0-236.16  0-236.31  0-236.39  0-236.55  0-236.63
                                 0-238.16  0-238.31  0-238.39  0-238.55  0-238.63  0-241.18  0-241.26  0-241.42  0-241.50  0-243.18
                                 0-243.26  0-243.42  0-243.50  0-244.16  0-244.31  0-244.39  0-244.55  0-244.63  0-246.16  0-246.31
                                 0-246.39  0-246.55  0-246.63  0-249.18  0-249.26  0-249.42  0-249.50  0-251.18  0-251.26  0-251.42
                                 0-251.50  0-279.15  0-279.24  0-279.32  0-279.42  0-279.50  0-282.16  0-282.31  0-282.39  0-282.55
                                 0-282.63  0-285.22  0-285.30  0-285.46  0-285.54  0-287.16  0-287.31  0-287.39  0-287.55  0-287.63
                                 0-290.22  0-290.30  0-290.46  0-290.54  0-292.16  0-292.31  0-292.39  0-292.55  0-292.63  0-295.22
                                 0-295.30  0-295.46  0-295.54  0-297.16  0-297.31  0-297.39  0-297.55  0-297.63  0-300.22  0-300.30
                                 0-300.46  0-300.54  0-302.16  0-302.31  0-302.39  0-302.55  0-302.63  0-305.22  0-305.30  0-305.46
                                 0-305.54  0-307.16  0-307.31  0-307.39  0-307.55  0-307.63  0-310.22  0-310.30  0-310.46  0-310.54
                                 0-312.16  0-312.31  0-312.39  0-312.55  0-312.63  0-315.22  0-315.30  0-315.46  0-315.54  0-317.16
                                 0-317.31  0-317.39  0-317.55  0-317.63  0-320.22  0-320.30  0-320.46  0-320.54
 
b                                Reference argument, Real(4) (1:?), Offset: 0, Alignment: full word
                                 0-2.22$  0-1.27  0-29.15  0-29.23  0-31.15  0-31.23  0-51.15  0-51.23  0-52.40  0-52.48  0-53.40
                                 0-53.48  0-78.15  0-78.24  0-78.32  0-80.55  0-80.63  0-82.55  0-82.63  0-83.16  0-83.32  0-83.40
                                 0-85.16  0-85.32  0-85.40  0-109.15  0-109.24  0-109.32  0-112.54  0-112.62  0-113.16  0-113.32
                                 0-113.40  0-117.54  0-117.62  0-118.16  0-118.32  0-118.40  0-122.54  0-122.62  0-123.16  0-123.32
                                 0-123.40  0-127.54  0-127.62  0-128.16  0-128.32  0-128.40  0-157.16  0-157.24  0-157.34  0-157.42
                                 0-158.16  0-158.24  0-158.34  0-158.42  0-159.34  0-159.42  0-160.34  0-160.42  0-161.16  0-161.24
                                 0-162.16  0-162.24  0-188.16  0-188.24  0-188.34  0-188.42  0-191.16  0-191.24  0-191.34  0-191.42
                                 0-194.16  0-194.24  0-194.34  0-194.42  0-196.34  0-196.42  0-197.16  0-197.24  0-199.34  0-199.42
                                 0-200.16  0-200.24  0-202.34  0-202.42  0-203.16  0-203.24  0-205.34  0-205.42  0-206.16  0-206.24
                                 0-235.15  0-235.24  0-235.32  0-235.42  0-235.50  0-237.18  0-237.26  0-237.42  0-237.50  0-239.18
                                 0-239.26  0-239.42  0-239.50  0-240.16  0-240.31  0-240.39  0-240.55  0-240.63  0-242.16  0-242.31
                                 0-242.39  0-242.55  0-242.63  0-245.18  0-245.26  0-245.42  0-245.50  0-247.18  0-247.26  0-247.42
                                 0-247.50  0-248.16  0-248.31  0-248.39  0-248.55  0-248.63  0-250.16  0-250.31  0-250.39  0-250.55
                                 0-250.63  0-280.15  0-280.24  0-280.32  0-280.42  0-280.50  0-283.22  0-283.30  0-283.46  0-283.54
                                 0-284.16  0-284.31  0-284.39  0-284.55  0-284.63  0-288.22  0-288.30  0-288.46  0-288.54  0-289.16
                                 0-289.31  0-289.39  0-289.55  0-289.63  0-293.22  0-293.30  0-293.46  0-293.54  0-294.16  0-294.31
                                 0-294.39  0-294.55  0-294.63  0-298.22  0-298.30  0-298.46  0-298.54  0-299.16  0-299.31  0-299.39
                                 0-299.55  0-299.63  0-303.22  0-303.30  0-303.46  0-303.54  0-304.16  0-304.31  0-304.39  0-304.55
                                 0-304.63  0-308.22  0-308.30  0-308.46  0-308.54  0-309.16  0-309.31  0-309.39  0-309.55  0-309.63
                                 0-313.22  0-313.30  0-313.46  0-313.54  0-314.16  0-314.31  0-314.39  0-314.55  0-314.63  0-318.22
                                 0-318.30  0-318.46  0-318.54  0-319.16  0-319.31  0-319.39  0-319.55  0-319.63
 
c                                Reference argument, Real(4) (1:?), Offset: 0, Alignment: full word
                                 0-2.27$  0-1.29  0-28.7@  0-30.7@  0-50.7@  0-52.7@  0-77.7@  0-79.7@  0-81.7@  0-108.7@  0-110.7@
                                 0-120.7@  0-155.7@  0-156.7@  0-159.7@  0-160.7@  0-187.7@  0-189.7@  0-195.7@  0-201.7@  0-234.7@
                                 0-236.7@  0-238.7@  0-244.7@  0-246.7@  0-279.7@  0-281.7@  0-291.7@  0-301.7@  0-311.7@
 
c1                               Static, Real(4), Offset: 0, Alignment: full word
                                 0-43.7@  0-52.15  0-53.36  0-99.7@  0-111.11  0-118.11  0-176.7@  0-196.11  0-200.11  0-266.7@
                                 0-282.11  0-289.11
 
c2                               Static, Real(4), Offset: 0, Alignment: full word
                                 0-101.7@  0-121.11  0-128.11  0-178.7@  0-190.11  0-194.11  0-268.7@  0-302.11  0-309.11
 
c3                               Static, Real(4), Offset: 0, Alignment: full word
                                 0-180.7@  0-202.11  0-206.11  0-270.7@  0-312.11  0-319.11
 
c4                               Static, Real(4), Offset: 0, Alignment: full word
                                 0-272.7@  0-292.11  0-299.11
 
cos36                            Static, Real(4), Offset: 0, Alignment: full word
                                 0-3.37*  0-236.48  0-238.48  0-240.48  0-242.48  0-244.24  0-246.24  0-248.24  0-250.24  0-282.48
                                 0-284.48  0-287.48  0-289.48  0-292.48  0-294.48  0-297.48  0-299.48  0-302.24  0-304.24  0-307.24
                                 0-309.24  0-312.24  0-314.24  0-317.24  0-319.24
 
cos72                            Static, Real(4), Offset: 0, Alignment: full word
                                 0-4.37*  0-236.24  0-238.24  0-240.24  0-242.24  0-244.48  0-246.48  0-248.48  0-250.48  0-282.24
                                 0-284.24  0-287.24  0-289.24  0-292.24  0-294.24  0-297.24  0-299.24  0-302.48  0-304.48  0-307.48
                                 0-309.48  0-312.48  0-314.48  0-317.48  0-319.48
 
d                                Reference argument, Real(4) (1:?), Offset: 0, Alignment: full word
                                 0-2.32$  0-1.31  0-29.7@  0-31.7@  0-51.7@  0-53.7@  0-78.7@  0-83.7@  0-85.7@  0-109.7@  0-115.7@
                                 0-125.7@  0-157.7@  0-158.7@  0-161.7@  0-162.7@  0-188.7@  0-192.7@  0-198.7@  0-204.7@  0-235.7@
                                 0-240.7@  0-242.7@  0-248.7@  0-250.7@  0-280.7@  0-286.7@  0-296.7@  0-306.7@  0-316.7@
 
i                                Static, Integer(4), Offset: 0, Alignment: full word
                                 0-24.7@  0-28.20  0-28.28  0-29.20  0-29.28  0-30.20  0-30.28  0-31.20  0-31.28  0-32.7@  0-32.9
                                 0-46.7@  0-50.20  0-50.28  0-51.20  0-51.28  0-52.24  0-52.32  0-52.45  0-52.53  0-53.24  0-53.32
                                 0-53.45  0-53.53  0-54.7@  0-54.9  0-73.7@  0-77.20  0-77.29  0-77.37  0-78.20  0-78.29  0-78.37
                                 0-79.21  0-79.37  0-79.45  0-80.60  0-80.68  0-81.21  0-81.37  0-81.45  0-82.60  0-82.68  0-83.21
                                 0-83.37  0-83.45  0-84.60  0-84.68  0-85.21  0-85.37  0-85.45  0-86.60  0-86.68  0-87.7@  0-87.9
                                 0-104.7@  0-108.20  0-108.29  0-108.37  0-109.20  0-109.29  0-109.37  0-111.21  0-111.37  0-111.45
                                 0-112.59  0-112.67  0-113.21  0-113.37  0-113.45  0-114.59  0-114.67  0-116.21  0-116.37  0-116.45
                                 0-117.59  0-117.67  0-118.21  0-118.37  0-118.45  0-119.59  0-119.67  0-121.21  0-121.37  0-121.45
                                 0-122.59  0-122.67  0-123.21  0-123.37  0-123.45  0-124.59  0-124.67  0-126.21  0-126.37  0-126.45
                                 0-127.59  0-127.67  0-128.21  0-128.37  0-128.45  0-129.59  0-129.67  0-130.7@  0-130.9  0-151.7@
                                 0-155.21  0-155.29  0-155.39  0-155.47  0-156.21  0-156.29  0-156.39  0-156.47  0-157.21  0-157.29
                                 0-157.39  0-157.47  0-158.21  0-158.29  0-158.39  0-158.47  0-159.21  0-159.29  0-159.39  0-159.47
                                 0-160.21  0-160.29  0-160.39  0-160.47  0-161.21  0-161.29  0-161.39  0-161.47  0-162.21  0-162.29
                                 0-162.39  0-162.47  0-163.7@  0-163.9  0-183.7@  0-187.21  0-187.29  0-187.39  0-187.47  0-188.21
                                 0-188.29  0-188.39  0-188.47  0-190.21  0-190.29  0-190.39  0-190.47  0-191.21  0-191.29  0-191.39
                                 0-191.47  0-193.21  0-193.29  0-193.39  0-193.47  0-194.21  0-194.29  0-194.39  0-194.47  0-196.21
                                 0-196.29  0-196.39  0-196.47  0-197.21  0-197.29  0-197.39  0-197.47  0-199.21  0-199.29  0-199.39
                                 0-199.47  0-200.21  0-200.29  0-200.39  0-200.47  0-202.21  0-202.29  0-202.39  0-202.47  0-203.21
                                 0-203.29  0-203.39  0-203.47  0-205.21  0-205.29  0-205.39  0-205.47  0-206.21  0-206.29  0-206.39
                                 0-206.47  0-207.7@  0-207.9  0-230.7@  0-234.20  0-234.29  0-234.37  0-234.47  0-234.55  0-235.20
                                 0-235.29  0-235.37  0-235.47  0-235.55  0-236.21  0-236.36  0-236.44  0-236.60  0-236.68  0-237.23
                                 0-237.31  0-237.47  0-237.55  0-238.21  0-238.36  0-238.44  0-238.60  0-238.68  0-239.23  0-239.31
                                 0-239.47  0-239.55  0-240.21  0-240.36  0-240.44  0-240.60  0-240.68  0-241.23  0-241.31  0-241.47
                                 0-241.55  0-242.21  0-242.36  0-242.44  0-242.60  0-242.68  0-243.23  0-243.31  0-243.47  0-243.55
                                 0-244.21  0-244.36  0-244.44  0-244.60  0-244.68  0-245.23  0-245.31  0-245.47  0-245.55  0-246.21
                                 0-246.36  0-246.44  0-246.60  0-246.68  0-247.23  0-247.31  0-247.47  0-247.55  0-248.21  0-248.36
                                 0-248.44  0-248.60  0-248.68  0-249.23  0-249.31  0-249.47  0-249.55  0-250.21  0-250.36  0-250.44
                                 0-250.60  0-250.68  0-251.23  0-251.31  0-251.47  0-251.55  0-252.7@  0-252.9  0-275.7@  0-279.20
                                 0-279.29  0-279.37  0-279.47  0-279.55  0-280.20  0-280.29  0-280.37  0-280.47  0-280.55  0-282.21
                                 0-282.36  0-282.44  0-282.60  0-282.68  0-283.27  0-283.35  0-283.51  0-283.59  0-284.21  0-284.36
                                 0-284.44  0-284.60  0-284.68  0-285.27  0-285.35  0-285.51  0-285.59  0-287.21  0-287.36  0-287.44
                                 0-287.60  0-287.68  0-288.27  0-288.35  0-288.51  0-288.59  0-289.21  0-289.36  0-289.44  0-289.60
                                 0-289.68  0-290.27  0-290.35  0-290.51  0-290.59  0-292.21  0-292.36  0-292.44  0-292.60  0-292.68
                                 0-293.27  0-293.35  0-293.51  0-293.59  0-294.21  0-294.36  0-294.44  0-294.60  0-294.68  0-295.27
                                 0-295.35  0-295.51  0-295.59  0-297.21  0-297.36  0-297.44  0-297.60  0-297.68  0-298.27  0-298.35
                                 0-298.51  0-298.59  0-299.21  0-299.36  0-299.44  0-299.60  0-299.68  0-300.27  0-300.35  0-300.51
                                 0-300.59  0-302.21  0-302.36  0-302.44  0-302.60  0-302.68  0-303.27  0-303.35  0-303.51  0-303.59
                                 0-304.21  0-304.36  0-304.44  0-304.60  0-304.68  0-305.27  0-305.35  0-305.51  0-305.59  0-307.21
                                 0-307.36  0-307.44  0-307.60  0-307.68  0-308.27  0-308.35  0-308.51  0-308.59  0-309.21  0-309.36
                                 0-309.44  0-309.60  0-309.68  0-310.27  0-310.35  0-310.51  0-310.59  0-312.21  0-312.36  0-312.44
                                 0-312.60  0-312.68  0-313.27  0-313.35  0-313.51  0-313.59  0-314.21  0-314.36  0-314.44  0-314.60
                                 0-314.68  0-315.27  0-315.35  0-315.51  0-315.59  0-317.21  0-317.36  0-317.44  0-317.60  0-317.68
                                 0-318.27  0-318.35  0-318.51  0-318.59  0-319.21  0-319.36  0-319.44  0-319.60  0-319.68  0-320.27
                                 0-320.35  0-320.51  0-320.59  0-321.7@  0-321.9
 
ia                               Static, Integer(4), Offset: 0, Alignment: full word
                                 0-19.7@  0-21.10  0-28.17  0-29.17  0-30.17  0-31.17  0-50.17  0-51.17  0-52.21  0-52.42  0-53.21
                                 0-53.42  0-66.7@  0-68.10  0-77.17  0-78.17  0-79.18  0-81.18  0-83.18  0-85.18  0-108.17  0-109.17
                                 0-111.18  0-113.18  0-116.18  0-118.18  0-121.18  0-123.18  0-126.18  0-128.18  0-142.7@  0-144.10
                                 0-155.18  0-156.18  0-157.18  0-158.18  0-159.18  0-160.18  0-161.18  0-162.18  0-187.18  0-188.18
                                 0-190.18  0-191.18  0-193.18  0-194.18  0-196.18  0-197.18  0-199.18  0-200.18  0-202.18  0-203.18
                                 0-205.18  0-206.18  0-219.7@  0-221.10  0-234.17  0-235.17  0-236.18  0-238.18  0-240.18  0-242.18
                                 0-244.18  0-246.18  0-248.18  0-250.18  0-279.17  0-280.17  0-282.18  0-284.18  0-287.18  0-289.18
                                 0-292.18  0-294.18  0-297.18  0-299.18  0-302.18  0-304.18  0-307.18  0-309.18  0-312.18  0-314.18
                                 0-317.18  0-319.18
 
ib                               Static, Integer(4), Offset: 0, Alignment: full word
                                 0-21.7@  0-28.25  0-29.25  0-30.25  0-31.25  0-50.25  0-51.25  0-52.29  0-52.50  0-53.29  0-53.50
                                 0-68.7@  0-70.10  0-77.26  0-78.26  0-79.34  0-80.57  0-81.34  0-82.57  0-83.34  0-84.57  0-85.34
                                 0-86.57  0-108.26  0-109.26  0-111.34  0-112.56  0-113.34  0-114.56  0-116.34  0-117.56  0-118.34
                                 0-119.56  0-121.34  0-122.56  0-123.34  0-124.56  0-126.34  0-127.56  0-128.34  0-129.56  0-144.7@
                                 0-146.10  0-155.36  0-156.36  0-157.36  0-158.36  0-159.36  0-160.36  0-161.36  0-162.36  0-187.36
                                 0-188.36  0-190.36  0-191.36  0-193.36  0-194.36  0-196.36  0-197.36  0-199.36  0-200.36  0-202.36
                                 0-203.36  0-205.36  0-206.36  0-221.7@  0-223.10  0-234.26  0-235.26  0-236.33  0-237.20  0-238.33
                                 0-239.20  0-240.33  0-241.20  0-242.33  0-243.20  0-244.33  0-245.20  0-246.33  0-247.20  0-248.33
                                 0-249.20  0-250.33  0-251.20  0-279.26  0-280.26  0-282.33  0-283.24  0-284.33  0-285.24  0-287.33
                                 0-288.24  0-289.33  0-290.24  0-292.33  0-293.24  0-294.33  0-295.24  0-297.33  0-298.24  0-299.33
                                 0-300.24  0-302.33  0-303.24  0-304.33  0-305.24  0-307.33  0-308.24  0-309.33  0-310.24  0-312.33
                                 0-313.24  0-314.33  0-315.24  0-317.33  0-318.24  0-319.33  0-320.24
 
ibase                            Static, Integer(4), Offset: 0, Alignment: full word
                                 0-11.7@  0-24.9  0-35.7@  0-35.13  0-46.9  0-57.7@  0-57.13  0-73.9  0-90.7@  0-90.13  0-104.9
                                 0-133.7@  0-133.13  0-151.9  0-166.7@  0-166.13  0-183.9  0-210.7@  0-210.13  0-230.9  0-255.7@
                                 0-255.13  0-275.9  0-324.7@  0-324.13
 
ic                               Static, Integer(4), Offset: 0, Alignment: full word
                                 0-70.7@  0-77.34  0-78.34  0-79.42  0-80.65  0-81.42  0-82.65  0-83.42  0-84.65  0-85.42  0-86.65
                                 0-108.34  0-109.34  0-111.42  0-112.64  0-113.42  0-114.64  0-116.42  0-117.64  0-118.42  0-119.64
                                 0-121.42  0-122.64  0-123.42  0-124.64  0-126.42  0-127.64  0-128.42  0-129.64  0-146.7@  0-148.10
                                 0-155.26  0-156.26  0-157.26  0-158.26  0-159.26  0-160.26  0-161.26  0-162.26  0-187.26  0-188.26
                                 0-190.26  0-191.26  0-193.26  0-194.26  0-196.26  0-197.26  0-199.26  0-200.26  0-202.26  0-203.26
                                 0-205.26  0-206.26  0-223.7@  0-225.10  0-234.44  0-235.44  0-236.57  0-237.44  0-238.57  0-239.44
                                 0-240.57  0-241.44  0-242.57  0-243.44  0-244.57  0-245.44  0-246.57  0-247.44  0-248.57  0-249.44
                                 0-250.57  0-251.44  0-279.44  0-280.44  0-282.57  0-283.48  0-284.57  0-285.48  0-287.57  0-288.48
                                 0-289.57  0-290.48  0-292.57  0-293.48  0-294.57  0-295.48  0-297.57  0-298.48  0-299.57  0-300.48
                                 0-302.57  0-303.48  0-304.57  0-305.48  0-307.57  0-308.48  0-309.57  0-310.48  0-312.57  0-313.48
                                 0-314.57  0-315.48  0-317.57  0-318.48  0-319.57  0-320.48
 
id                               Static, Integer(4), Offset: 0, Alignment: full word
                                 0-148.7@  0-155.44  0-156.44  0-157.44  0-158.44  0-159.44  0-160.44  0-161.44  0-162.44  0-187.44
                                 0-188.44  0-190.44  0-191.44  0-193.44  0-194.44  0-196.44  0-197.44  0-199.44  0-200.44  0-202.44
                                 0-203.44  0-205.44  0-206.44  0-225.7@  0-227.10  0-234.52  0-235.52  0-236.65  0-237.52  0-238.65
                                 0-239.52  0-240.65  0-241.52  0-242.65  0-243.52  0-244.65  0-245.52  0-246.65  0-247.52  0-248.65
                                 0-249.52  0-250.65  0-251.52  0-279.52  0-280.52  0-282.65  0-283.56  0-284.65  0-285.56  0-287.65
                                 0-288.56  0-289.65  0-290.56  0-292.65  0-293.56  0-294.65  0-295.56  0-297.65  0-298.56  0-299.65
                                 0-300.56  0-302.65  0-303.56  0-304.65  0-305.56  0-307.65  0-308.56  0-309.65  0-310.56  0-312.65
                                 0-313.56  0-314.65  0-315.56  0-317.65  0-318.56  0-319.65  0-320.56
 
ie                               Static, Integer(4), Offset: 0, Alignment: full word
                                 0-227.7@  0-234.34  0-235.34  0-236.41  0-237.28  0-238.41  0-239.28  0-240.41  0-241.28  0-242.41
                                 0-243.28  0-244.41  0-245.28  0-246.41  0-247.28  0-248.41  0-249.28  0-250.41  0-251.28  0-279.34
                                 0-280.34  0-282.41  0-283.32  0-284.41  0-285.32  0-287.41  0-288.32  0-289.41  0-290.32  0-292.41
                                 0-293.32  0-294.41  0-295.32  0-297.41  0-298.32  0-299.41  0-300.32  0-302.41  0-303.32  0-304.41
                                 0-305.32  0-307.41  0-308.32  0-309.41  0-310.32  0-312.41  0-313.32  0-314.41  0-315.32  0-317.41
                                 0-318.32  0-319.41  0-320.32
 
ifac                             Reference argument, Integer(4), Offset: 0, Alignment: full word
                                 0-1.65  0-7.11  0-10.13  0-13.11
 
igo                              Static, Integer(4), Offset: 0, Alignment: full word
                                 0-13.7@  0-14.11  0-15.28
 
iink                             Static, Integer(4), Offset: 0, Alignment: full word
                                 0-8.7@  0-21.13  0-68.13  0-70.13  0-144.13  0-146.13  0-148.13  0-221.13  0-223.13  0-225.13
                                 0-227.13
 
ijk                              Static, Integer(4), Offset: 0, Alignment: full word
                                 0-27.13@  0-49.13@  0-76.13@  0-107.13@  0-154.13@  0-186.14@  0-233.14@  0-278.14@
 
inc1                             Reference argument, Integer(4), Offset: 0, Alignment: full word
                                 0-1.39  0-8.14  0-35.19  0-57.19  0-90.19  0-133.19  0-166.19  0-210.19  0-255.19  0-324.19
 
inc2                             Reference argument, Integer(4), Offset: 0, Alignment: full word
                                 0-1.44  0-9.15  0-36.19  0-58.19  0-91.19  0-134.19  0-167.19  0-211.19  0-256.19  0-325.19
 
inc3                             Reference argument, Integer(4), Offset: 0, Alignment: full word
                                 0-1.49  0-32.11  0-54.11  0-87.11  0-130.11  0-163.11  0-207.11  0-252.11  0-321.11
 
inc4                             Reference argument, Integer(4), Offset: 0, Alignment: full word
                                 0-1.54  0-33.11  0-55.11  0-88.11  0-131.11  0-164.11  0-208.11  0-253.11  0-322.11
 
j                                Static, Integer(4), Offset: 0, Alignment: full word
                                 0-25.7@  0-28.12  0-29.12  0-30.12  0-31.12  0-33.7@  0-33.9  0-47.7@  0-50.12  0-51.12  0-52.12
                                 0-53.12  0-55.7@  0-55.9  0-74.7@  0-77.12  0-78.12  0-79.12  0-81.12  0-83.12  0-85.12  0-88.7@
                                 0-88.9  0-105.7@  0-108.12  0-109.12  0-110.12  0-115.12  0-120.12  0-125.12  0-131.7@  0-131.9
                                 0-152.7@  0-155.12  0-156.12  0-157.12  0-158.12  0-159.12  0-160.12  0-161.12  0-162.12  0-164.7@
                                 0-164.9  0-184.7@  0-187.12  0-188.12  0-189.12  0-192.12  0-195.12  0-198.12  0-201.12  0-204.12
                                 0-208.7@  0-208.9  0-231.7@  0-234.12  0-235.12  0-236.12  0-238.12  0-240.12  0-242.12  0-244.12
                                 0-246.12  0-248.12  0-250.12  0-253.7@  0-253.9  0-276.7@  0-279.12  0-280.12  0-281.12  0-286.12
                                 0-291.12  0-296.12  0-301.12  0-306.12  0-311.12  0-316.12  0-322.7@  0-322.9
 
ja                               Static, Integer(4), Offset: 0, Alignment: full word
                                 0-20.7@  0-22.10  0-28.9  0-29.9  0-50.9  0-51.9  0-67.7@  0-69.10  0-77.9  0-78.9  0-108.9
                                 0-109.9  0-143.7@  0-145.10  0-155.9  0-157.9  0-187.9  0-188.9  0-220.7@  0-222.10  0-234.9
                                 0-235.9  0-279.9  0-280.9
 
jb                               Static, Integer(4), Offset: 0, Alignment: full word
                                 0-22.7@  0-30.9  0-31.9  0-52.9  0-53.9  0-69.7@  0-71.10  0-79.9  0-83.9  0-110.9  0-115.9
                                 0-145.7@  0-147.10  0-159.9  0-161.9  0-195.9  0-198.9  0-222.7@  0-224.10  0-236.9  0-240.9
                                 0-281.9  0-286.9
 
jbase                            Static, Integer(4), Offset: 0, Alignment: full word
                                 0-12.7@  0-25.9  0-36.7@  0-36.13  0-40.7@  0-40.13  0-47.9  0-58.7@  0-58.13  0-60.7@  0-60.13
                                 0-74.9  0-91.7@  0-91.13  0-95.7@  0-95.13  0-105.9  0-134.7@  0-134.13  0-136.7@  0-136.13
                                 0-152.9  0-167.7@  0-167.13  0-171.7@  0-171.13  0-184.9  0-211.7@  0-211.13  0-213.7@  0-213.13
                                 0-231.9  0-256.7@  0-256.13  0-260.7@  0-260.13  0-276.9  0-325.7@  0-325.13  0-327.7@  0-327.13
 
jc                               Static, Integer(4), Offset: 0, Alignment: full word
                                 0-71.7@  0-81.9  0-85.9  0-120.9  0-125.9  0-147.7@  0-149.10  0-156.9  0-158.9  0-189.9  0-192.9
                                 0-224.7@  0-226.10  0-244.9  0-248.9  0-301.9  0-306.9
 
jd                               Static, Integer(4), Offset: 0, Alignment: full word
                                 0-149.7@  0-160.9  0-162.9  0-201.9  0-204.9  0-226.7@  0-228.10  0-246.9  0-250.9  0-311.9
                                 0-316.9
 
je                               Static, Integer(4), Offset: 0, Alignment: full word
                                 0-228.7@  0-238.9  0-242.9  0-291.9  0-296.9
 
jink                             Static, Integer(4), Offset: 0, Alignment: full word
                                 0-9.7@  0-10.21  0-22.13  0-69.13  0-71.13  0-145.13  0-147.13  0-149.13  0-222.13  0-224.13
                                 0-226.13  0-228.13
 
jump                             Static, Integer(4), Offset: 0, Alignment: full word
                                 0-10.7@  0-40.19  0-60.19  0-95.19  0-136.19  0-171.19  0-213.19  0-260.19  0-327.19
 
k                                Static, Integer(4), Offset: 0, Alignment: full word
                                 0-41.13@  0-42.10  0-42.12  0-96.13@  0-97.10  0-97.12  0-172.14@  0-173.10  0-173.12  0-261.14@
                                 0-262.10  0-262.12
 
kb                               Static, Integer(4), Offset: 0, Alignment: full word
                                 0-42.7@  0-43.16  0-44.16  0-97.7@  0-98.10  0-98.13  0-99.16  0-100.16  0-173.7@  0-174.10
                                 0-174.13  0-175.13  0-176.16  0-177.16  0-262.7@  0-263.10  0-263.13  0-264.13  0-265.13  0-266.16
                                 0-267.16
 
kc                               Static, Integer(4), Offset: 0, Alignment: full word
                                 0-98.7@  0-101.16  0-102.16  0-174.7@  0-175.10  0-178.16  0-179.16  0-263.7@  0-264.10  0-268.16
                                 0-269.16
 
kd                               Static, Integer(4), Offset: 0, Alignment: full word
                                 0-175.7@  0-180.16  0-181.16  0-264.7@  0-265.10  0-270.16  0-271.16
 
ke                               Static, Integer(4), Offset: 0, Alignment: full word
                                 0-265.7@  0-272.16  0-273.16
 
l                                Static, Integer(4), Offset: 0, Alignment: full word
                                 0-23.13@  0-45.13@  0-72.13@  0-103.13@  0-150.14@  0-182.14@  0-229.14@  0-274.14@
 
la                               Reference argument, Integer(4), Offset: 0, Alignment: full word
                                 0-1.70  0-9.12  0-23.17  0-38.11  0-39.11  0-41.21  0-45.17  0-72.17  0-93.11  0-94.11  0-96.21
                                 0-103.17  0-150.18  0-169.11  0-170.11  0-172.22  0-182.18  0-229.18  0-258.11  0-259.11  0-261.22
                                 0-274.18
 
la1                              Static, Integer(4), Offset: 0, Alignment: full word
                                 0-39.7@  0-41.15  0-94.7@  0-96.15  0-170.7@  0-172.16  0-259.7@  0-261.16
 
lot                              Reference argument, Integer(4), Offset: 0, Alignment: full word
                                 0-1.59  0-27.19  0-49.19  0-76.19  0-107.19  0-154.19  0-186.20  0-233.20  0-278.20
 
m                                Static, Integer(4), Offset: 0, Alignment: full word
                                 0-7.7@  0-8.12  0-38.17  0-41.19  0-93.17  0-96.19  0-169.17  0-172.20  0-258.17  0-261.20
 
m1vpas                           Subroutine
                                 0-1.18$
 
n                                Reference argument, Integer(4), Offset: 0, Alignment: full word
                                 0-1.63  0-2.19  0-2.19  0-2.24  0-2.24  0-2.29  0-2.29  0-2.34  0-2.34  0-2.43  0-2.43  0-7.9
 
s1                               Static, Real(4), Offset: 0, Alignment: full word
                                 0-44.7@  0-52.36  0-53.15  0-100.7@  0-113.11  0-116.11  0-177.7@  0-197.11  0-199.11  0-267.7@
                                 0-284.11  0-287.11
 
s2                               Static, Real(4), Offset: 0, Alignment: full word
                                 0-102.7@  0-123.11  0-126.11  0-179.7@  0-191.11  0-193.11  0-269.7@  0-304.11  0-307.11
 
s3                               Static, Real(4), Offset: 0, Alignment: full word
                                 0-181.7@  0-203.11  0-205.11  0-271.7@  0-314.11  0-317.11
 
s4                               Static, Real(4), Offset: 0, Alignment: full word
                                 0-273.7@  0-294.11  0-297.11
 
sin36                            Static, Real(4), Offset: 0, Alignment: full word
                                 0-3.12*  0-237.35  0-239.35  0-241.35  0-243.35  0-245.11  0-247.11  0-249.11  0-251.11  0-283.39
                                 0-285.39  0-288.39  0-290.39  0-293.39  0-295.39  0-298.39  0-300.39  0-303.15  0-305.15  0-308.15
                                 0-310.15  0-313.15  0-315.15  0-318.15  0-320.15
 
sin60                            Static, Real(4), Offset: 0, Alignment: full word
                                 0-5.12*  0-80.48  0-82.48  0-84.48  0-86.48  0-112.47  0-114.47  0-117.47  0-119.47  0-122.47
                                 0-124.47  0-127.47  0-129.47
 
sin72                            Static, Real(4), Offset: 0, Alignment: full word
                                 0-4.12*  0-237.11  0-239.11  0-241.11  0-243.11  0-245.35  0-247.35  0-249.35  0-251.35  0-283.15
                                 0-285.15  0-288.15  0-290.15  0-293.15  0-295.15  0-298.15  0-300.15  0-303.39  0-305.39  0-308.39
                                 0-310.39  0-313.39  0-315.39  0-318.39  0-320.39
 
trigs                            Reference argument, Real(4) (1:?), Offset: 0, Alignment: full word
                                 0-2.37$  0-1.33  0-43.10  0-44.10  0-99.10  0-100.10  0-101.10  0-102.10  0-176.10  0-177.10
                                 0-178.10  0-179.10  0-180.10  0-181.10  0-266.10  0-267.10  0-268.10  0-269.10  0-270.10  0-271.10
                                 0-272.10  0-273.10
 
** m1vpas   === End of Compilation 1 ===
 
>>>>> FILE TABLE SECTION <<<<<
 
 
                                       FILE CREATION        FROM
FILE NO   FILENAME                    DATE       TIME       FILE    LINE
     0    M1VPAS.f                    10/09/02   12:45:08
 
 
>>>>> COMPILATION EPILOGUE SECTION <<<<<
 
 
FORTRAN Summary of Diagnosed Conditions
 
TOTAL   UNRECOVERABLE  SEVERE       ERROR     WARNING    INFORMATIONAL
               (U)       (S)         (E)        (W)          (I)
    0           0         0           0          0            0
 
 
    Source records read.......................................     330
1501-510  Compilation successful for file M1VPAS.f.
1501-543  Object file created.
