IBM XL Fortran Enterprise Edition V10.1 for AIX (5724-M13)  Version 10.01.0000.0002 --- /gpfs/m/nco/ops/nwprod/sorc/ngm_ngmini.fd/MMULT.f 09/30/06 19:43:57
 
>>>>> OPTIONS SECTION <<<<<
***   Options In Effect   ***
  
         ==  On / Off Options  ==
         CR              DBG             DDIM            ESCAPE
         FULLPATH        I4              INLGLUE         NOLIBESSL
         NOLIBPOSIX      OBJECT          SOURCE          STDFRAMEWORK
         STRICT          SWAPOMP         THREADED        UNWIND
         NOZEROSIZE
  
         ==  Options Of Integer Type ==
         FIXED(72)             MAXMEM(-1)            OPTIMIZE(2)
         SPILLSIZE(548)        STACKTEMP(0)
  
         ==  Options Of Character Type  ==
         64(LARGETYPE)         ALIAS(STD,INTPTR)     ALIGN(BINDC(POWER),STRUCT(NATURAL))
         ARCH(PWR5X)           ATTR()                AUTODBL(NONE)
         DIRECTIVE(IBM*,IBMT)  ENUM()                FLAG(I,I)
         FLOAT(RNDSNGL,MAF,FOLD,RNGCHK)
         HALT(S)               IEEE(NEAR)            INTSIZE(4)
         LANGLVL(EXTENDED)     POSITION(APPENDOLD)   REALSIZE(4)
         SAVE(ALL)             TUNE(PWR5)            UNROLL(AUTO)
         XREF(FULL)            XLF77(NOLEADZERO,GEDIT77,NOBLANKPAD,OLDBOZ,INTARG,INTXOR,PERSISTENT,SOFTEOF)
         XLF90(NOSIGNEDZERO,NOAUTODEALLOC)
  
>>>>> SOURCE SECTION <<<<<
          1 |       SUBROUTINE MMULT(A,MA,NA,IA,B,MB,NB,IB,C,MC,NC,IC)
          2 |C$$$  SUBPROGRAM DOCUMENTATION BLOCK
          3 |C                .      .    .                                       .
          4 |C SUBPROGRAM:    MMULT       MATRIX MULTIPLY
          5 |C   PRGMMR: PARRISH          ORG: W/NMC22    DATE: 88-09-08
          6 |C
          7 |C ABSTRACT: MATRIX MULTIPLY.  MUST HAVE NA=MB, MA=MC, NB=NC.
          8 |C
          9 |C PROGRAM HISTORY LOG:
         10 |C   88-09-08  PARRISH
         11 |C
         12 |C USAGE:    CALL MMULT(A,MA,NA,IA,B,MB,NB,IB,C,MC,NC,IC)
         13 |C   INPUT ARGUMENT LIST:
         14 |C     A        - MATRIX, A(MA,NA)
         15 |C     MA       - DIMENSIONS OF
         16 |C     NA       - MATRIX A.
         17 |C     IA       - FIRST DIMENSION IF A IN CALLING PROGRAM
         18 |C     B        - MATRIX, B(MB,NB)
         19 |C     MB       - DIMENSIONS OF
         20 |C     NB       - MATRIX B.
         21 |C     IB       - FIRST DIMENSION IF B IN CALLING PROGRAM
         22 |C
         23 |C   OUTPUT ARGUMENT LIST:
         24 |C     C        - MATRIX, C(MC,NC) (  = A*B  )
         25 |C     MC       - DIMENSIONS OF
         26 |C     NC       - MATRIX C.
         27 |C     IC       - FIRST DIMENSION IF C IN CALLING PROGRAM
         28 |C
         29 |C ATTRIBUTES:
         30 |C   LANGUAGE: FORTRAN200
         31 |C   MACHINE:  CYBER
         32 |C
         33 |C$$$
         34 |         REAL A(IA,NA),B(IB,NB),C(IC,NC)
         35 |C--------
         36 |C--------TEST INPUT PARAMETERS
         37 |C--------
         38 |         IF(NA.NE.MB.OR.MA.NE.MC.OR.NB.NE.NC) GO TO 1000
         39 |C--------
         40 |C--------DO MULTIPLY
         41 |C--------
         42 |         DO 300 J=1,NC
         43 |           DO 200 I=1,MC
         44 |             SUM=0.
         45 |             DO 100 K=1,NA
         46 |               SUM=SUM+A(I,K)*B(K,J)
         47 |100          CONTINUE
         48 |             C(I,J)=SUM
         49 |200        CONTINUE
         50 |300      CONTINUE
         51 |       RETURN
         52 |C--------
         53 |C--------HERE FOR TROUBLE
         54 |C--------
         55 |1000     CONTINUE
         56 |         WRITE(6,1100)MA,NA,MB,NB,MC,NC
         57 |1100     FORMAT(' DIMENSIONS DON*T MATCH IN MMULT, MA,NA=',2I4,
         58 |     *             '  MB,NB=',2I4,'  MC,NC=',2I4,/,
         59 |     *             '  MUST HAVE NA=MB, MA=MC, AND NB=NC')
         60 |C      STOP
         61 |       RETURN
         62 |       END
 
>>>>> ATTRIBUTE AND CROSS REFERENCE SECTION <<<<<
 
 
 
IDENTIFIER NAME                  CROSS REFERENCE AND ATTRIBUTES
 
a                                Reference argument, Real(4) (1:?, 1:?), Offset: 0, Alignment: full word
                                 0-34.15$  0-1.25  0-46.24
 
b                                Reference argument, Real(4) (1:?, 1:?), Offset: 0, Alignment: full word
                                 0-34.24$  0-1.36  0-46.31
 
c                                Reference argument, Real(4) (1:?, 1:?), Offset: 0, Alignment: full word
                                 0-34.33$  0-1.47  0-48.14@
 
i                                Static, Integer(4), Offset: 0, Alignment: full word
                                 0-43.19@  0-46.26  0-48.16
 
ia                               Reference argument, Integer(4), Offset: 0, Alignment: full word
                                 0-1.33  0-34.17  0-34.17
 
ib                               Reference argument, Integer(4), Offset: 0, Alignment: full word
                                 0-1.44  0-34.26  0-34.26
 
ic                               Reference argument, Integer(4), Offset: 0, Alignment: full word
                                 0-1.55  0-34.35  0-34.35
 
j                                Static, Integer(4), Offset: 0, Alignment: full word
                                 0-42.17@  0-46.35  0-48.18
 
k                                Static, Integer(4), Offset: 0, Alignment: full word
                                 0-45.21@  0-46.28  0-46.33
 
ma                               Reference argument, Integer(4), Offset: 0, Alignment: full word
                                 0-1.27  0-38.25  0-56.23
 
mb                               Reference argument, Integer(4), Offset: 0, Alignment: full word
                                 0-1.38  0-38.19  0-56.29
 
mc                               Reference argument, Integer(4), Offset: 0, Alignment: full word
                                 0-1.49  0-38.31  0-43.23  0-56.35
 
mmult                            Subroutine
                                 0-1.19$
 
na                               Reference argument, Integer(4), Offset: 0, Alignment: full word
                                 0-1.30  0-34.20  0-34.20  0-38.13  0-45.25  0-56.26
 
nb                               Reference argument, Integer(4), Offset: 0, Alignment: full word
                                 0-1.41  0-34.29  0-34.29  0-38.37  0-56.32
 
nc                               Reference argument, Integer(4), Offset: 0, Alignment: full word
                                 0-1.52  0-34.38  0-34.38  0-38.43  0-42.21  0-56.38
 
sum                              Static, Real(4), Offset: 0, Alignment: full word
                                 0-44.14@  0-46.16@  0-46.20  0-48.21
 
** mmult   === End of Compilation 1 ===
 
>>>>> FILE TABLE SECTION <<<<<
 
 
                                       FILE CREATION        FROM
FILE NO   FILENAME                    DATE       TIME       FILE    LINE
     0    MMULT.f                     10/09/02   12:45:08
 
 
>>>>> COMPILATION EPILOGUE SECTION <<<<<
 
 
FORTRAN Summary of Diagnosed Conditions
 
TOTAL   UNRECOVERABLE  SEVERE       ERROR     WARNING    INFORMATIONAL
               (U)       (S)         (E)        (W)          (I)
    0           0         0           0          0            0
 
 
    Source records read.......................................      62
1501-510  Compilation successful for file MMULT.f.
1501-543  Object file created.
